#
# There is insufficient memory for the Java Runtime Environment to continue.
# Native memory allocation (malloc) failed to allocate 1573456 bytes for Chunk::new
# Possible reasons:
#   The system is out of physical RAM or swap space
#   The process is running with CompressedOops enabled, and the Java Heap may be blocking the growth of the native heap
# Possible solutions:
#   Reduce memory load on the system
#   Increase physical memory or swap space
#   Check if swap backing store is full
#   Decrease Java heap size (-Xmx/-Xms)
#   Decrease number of Java threads
#   Decrease Java thread stack sizes (-Xss)
#   Set larger code cache with -XX:ReservedCodeCacheSize=
#   JVM is running with Unscaled Compressed Oops mode in which the Java heap is
#     placed in the first 4GB address space. The Java Heap base address is the
#     maximum limit for the native heap growth. Please use -XX:HeapBaseMinAddress
#     to set the Java Heap base and to place the Java Heap above 4GB virtual address.
# This output file may be truncated or incomplete.
#
#  Out of Memory Error (allocation.cpp:389), pid=19516, tid=0x0000000000004c48
#
# JRE version: OpenJDK Runtime Environment (8.0_242-b01) (build 1.8.0_242-release-1644-b01)
# Java VM: OpenJDK 64-Bit Server VM (25.242-b01 mixed mode windows-amd64 compressed oops)
# Failed to write core dump. Minidumps are not enabled by default on client versions of Windows
#

---------------  T H R E A D  ---------------

Current thread (0x0000000017b07800):  JavaThread "C2 CompilerThread0" daemon [_thread_in_native, id=19528, stack(0x0000000019160000,0x0000000019260000)]

Stack: [0x0000000019160000,0x0000000019260000]
[error occurred during error reporting (printing stack bounds), id 0xc0000005]

Native frames: (J=compiled Java code, j=interpreted, Vv=VM code, C=native code)


Current CompileTask:
C2:  24328 5158       4       sun.reflect.generics.parser.SignatureParser::parsePackageNameAndSimpleClassTypeSignature (139 bytes)


---------------  P R O C E S S  ---------------

Java Threads: ( => current thread )
  0x000000001a898800 JavaThread "Cache worker for Build Output Cleanup Cache (F:\Professional Softwares\Android\Enzipe\Image to text\.gradle\buildOutputCleanup)" [_thread_blocked, id=18840, stack(0x00000000278b0000,0x00000000279b0000)]
  0x000000001a89b800 JavaThread "jar transforms Thread 94" [_thread_blocked, id=19180, stack(0x00000000275b0000,0x00000000276b0000)]
  0x000000001a89b000 JavaThread "jar transforms Thread 93" [_thread_blocked, id=20504, stack(0x00000000274b0000,0x00000000275b0000)]
  0x000000001a894000 JavaThread "jar transforms Thread 92" [_thread_blocked, id=11140, stack(0x00000000273b0000,0x00000000274b0000)]
  0x000000001a896800 JavaThread "jar transforms Thread 91" [_thread_blocked, id=20868, stack(0x00000000272b0000,0x00000000273b0000)]
  0x000000001a897000 JavaThread "jar transforms Thread 90" [_thread_blocked, id=19540, stack(0x00000000271b0000,0x00000000272b0000)]
  0x000000001a898000 JavaThread "jar transforms Thread 89" [_thread_blocked, id=19348, stack(0x00000000270b0000,0x00000000271b0000)]
  0x000000001a895800 JavaThread "jar transforms Thread 88" [_thread_blocked, id=21260, stack(0x0000000026fb0000,0x00000000270b0000)]
  0x000000001a89a000 JavaThread "jar transforms Thread 87" [_thread_blocked, id=19596, stack(0x0000000026eb0000,0x0000000026fb0000)]
  0x000000001a88d000 JavaThread "jar transforms Thread 86" [_thread_blocked, id=17980, stack(0x0000000026db0000,0x0000000026eb0000)]
  0x000000001a893800 JavaThread "jar transforms Thread 85" [_thread_blocked, id=20516, stack(0x0000000026cb0000,0x0000000026db0000)]
  0x000000001a892800 JavaThread "jar transforms Thread 84" [_thread_blocked, id=19096, stack(0x0000000026bb0000,0x0000000026cb0000)]
  0x000000001a891000 JavaThread "jar transforms Thread 83" [_thread_blocked, id=20884, stack(0x0000000026ab0000,0x0000000026bb0000)]
  0x000000001a890000 JavaThread "jar transforms Thread 82" [_thread_blocked, id=20888, stack(0x00000000269b0000,0x0000000026ab0000)]
  0x000000001a88f800 JavaThread "jar transforms Thread 81" [_thread_blocked, id=8640, stack(0x00000000268b0000,0x00000000269b0000)]
  0x000000001a88e800 JavaThread "jar transforms Thread 80" [_thread_blocked, id=17932, stack(0x00000000267b0000,0x00000000268b0000)]
  0x000000001a891800 JavaThread "jar transforms Thread 79" [_thread_blocked, id=10320, stack(0x00000000266b0000,0x00000000267b0000)]
  0x000000001a88e000 JavaThread "jar transforms Thread 78" [_thread_blocked, id=7636, stack(0x00000000265b0000,0x00000000266b0000)]
  0x0000000019f88800 JavaThread "jar transforms Thread 77" [_thread_blocked, id=19444, stack(0x00000000264b0000,0x00000000265b0000)]
  0x0000000019f89000 JavaThread "jar transforms Thread 76" [_thread_blocked, id=20752, stack(0x00000000263b0000,0x00000000264b0000)]
  0x0000000019f85800 JavaThread "jar transforms Thread 75" [_thread_blocked, id=21220, stack(0x00000000262b0000,0x00000000263b0000)]
  0x0000000019f87800 JavaThread "jar transforms Thread 74" [_thread_blocked, id=4620, stack(0x00000000261b0000,0x00000000262b0000)]
  0x0000000019f86000 JavaThread "jar transforms Thread 73" [_thread_blocked, id=16212, stack(0x00000000260b0000,0x00000000261b0000)]
  0x0000000019f84800 JavaThread "jar transforms Thread 72" [_thread_blocked, id=8404, stack(0x0000000025fb0000,0x00000000260b0000)]
  0x0000000019f87000 JavaThread "jar transforms Thread 71" [_thread_blocked, id=13304, stack(0x0000000025eb0000,0x0000000025fb0000)]
  0x0000000019f84000 JavaThread "jar transforms Thread 70" [_thread_blocked, id=20348, stack(0x0000000025db0000,0x0000000025eb0000)]
  0x0000000019f83000 JavaThread "jar transforms Thread 69" [_thread_blocked, id=20432, stack(0x0000000025cb0000,0x0000000025db0000)]
  0x0000000019f7b800 JavaThread "jar transforms Thread 68" [_thread_blocked, id=19424, stack(0x0000000025bb0000,0x0000000025cb0000)]
  0x0000000019f82800 JavaThread "jar transforms Thread 67" [_thread_blocked, id=20740, stack(0x0000000025ab0000,0x0000000025bb0000)]
  0x0000000019f81800 JavaThread "jar transforms Thread 66" [_thread_blocked, id=20804, stack(0x00000000259b0000,0x0000000025ab0000)]
  0x0000000019f7e800 JavaThread "jar transforms Thread 65" [_thread_blocked, id=3836, stack(0x00000000258b0000,0x00000000259b0000)]
  0x0000000019f7e000 JavaThread "jar transforms Thread 64" [_thread_blocked, id=17120, stack(0x00000000257b0000,0x00000000258b0000)]
  0x0000000019f7b000 JavaThread "jar transforms Thread 63" [_thread_blocked, id=18656, stack(0x00000000256b0000,0x00000000257b0000)]
  0x0000000019f7a000 JavaThread "jar transforms Thread 62" [_thread_blocked, id=17592, stack(0x00000000255b0000,0x00000000256b0000)]
  0x0000000019f7d000 JavaThread "jar transforms Thread 61" [_thread_blocked, id=8824, stack(0x00000000254b0000,0x00000000255b0000)]
  0x0000000019f80000 JavaThread "jar transforms Thread 60" [_thread_blocked, id=6676, stack(0x00000000253b0000,0x00000000254b0000)]
  0x0000000019f7f800 JavaThread "jar transforms Thread 59" [_thread_blocked, id=1808, stack(0x00000000252b0000,0x00000000253b0000)]
  0x0000000019f7c800 JavaThread "jar transforms Thread 58" [_thread_blocked, id=9036, stack(0x00000000251b0000,0x00000000252b0000)]
  0x0000000019f81000 JavaThread "jar transforms Thread 57" [_thread_blocked, id=20568, stack(0x00000000250b0000,0x00000000251b0000)]
  0x000000001f4c5000 JavaThread "jar transforms Thread 56" [_thread_blocked, id=20056, stack(0x0000000024fb0000,0x00000000250b0000)]
  0x000000001f4c0800 JavaThread "jar transforms Thread 55" [_thread_blocked, id=21028, stack(0x0000000024eb0000,0x0000000024fb0000)]
  0x000000001f4c4000 JavaThread "jar transforms Thread 54" [_thread_blocked, id=21032, stack(0x0000000024db0000,0x0000000024eb0000)]
  0x000000001f4c2800 JavaThread "jar transforms Thread 53" [_thread_blocked, id=18800, stack(0x0000000024cb0000,0x0000000024db0000)]
  0x000000001f4c2000 JavaThread "jar transforms Thread 52" [_thread_blocked, id=19164, stack(0x0000000024bb0000,0x0000000024cb0000)]
  0x000000001f4c3800 JavaThread "jar transforms Thread 51" [_thread_blocked, id=17096, stack(0x0000000024ab0000,0x0000000024bb0000)]
  0x000000001f4c1000 JavaThread "jar transforms Thread 50" [_thread_blocked, id=20856, stack(0x00000000249b0000,0x0000000024ab0000)]
  0x000000001f4c6800 JavaThread "jar transforms Thread 49" [_thread_blocked, id=20844, stack(0x00000000248b0000,0x00000000249b0000)]
  0x000000001f4c5800 JavaThread "jar transforms Thread 48" [_thread_blocked, id=6536, stack(0x00000000247b0000,0x00000000248b0000)]
  0x000000001f4b9000 JavaThread "jar transforms Thread 47" [_thread_blocked, id=17584, stack(0x00000000246b0000,0x00000000247b0000)]
  0x000000001f4bf800 JavaThread "jar transforms Thread 46" [_thread_blocked, id=21344, stack(0x00000000245b0000,0x00000000246b0000)]
  0x000000001f4b8000 JavaThread "jar transforms Thread 45" [_thread_blocked, id=13328, stack(0x00000000244b0000,0x00000000245b0000)]
  0x000000001f4bf000 JavaThread "jar transforms Thread 44" [_thread_blocked, id=21212, stack(0x00000000243b0000,0x00000000244b0000)]
  0x000000001f4bd800 JavaThread "jar transforms Thread 43" [_thread_blocked, id=21208, stack(0x00000000242b0000,0x00000000243b0000)]
  0x000000001f4be000 JavaThread "jar transforms Thread 42" [_thread_blocked, id=19548, stack(0x00000000241b0000,0x00000000242b0000)]
  0x000000001f4bc000 JavaThread "jar transforms Thread 41" [_thread_blocked, id=13296, stack(0x00000000240b0000,0x00000000241b0000)]
  0x000000001f4bb000 JavaThread "jar transforms Thread 40" [_thread_blocked, id=20696, stack(0x0000000023fb0000,0x00000000240b0000)]
  0x000000001f4b7800 JavaThread "jar transforms Thread 39" [_thread_blocked, id=19632, stack(0x0000000023eb0000,0x0000000023fb0000)]
  0x000000001f4b9800 JavaThread "jar transforms Thread 38" [_thread_blocked, id=19032, stack(0x0000000023db0000,0x0000000023eb0000)]
  0x000000001f4bc800 JavaThread "jar transforms Thread 37" [_thread_blocked, id=15652, stack(0x0000000023cb0000,0x0000000023db0000)]
  0x000000001f4ba800 JavaThread "jar transforms Thread 36" [_thread_blocked, id=1992, stack(0x0000000023bb0000,0x0000000023cb0000)]
  0x000000001b80c000 JavaThread "jar transforms Thread 35" [_thread_blocked, id=5908, stack(0x0000000023ab0000,0x0000000023bb0000)]
  0x000000001b80b800 JavaThread "jar transforms Thread 34" [_thread_blocked, id=21496, stack(0x00000000239b0000,0x0000000023ab0000)]
  0x000000001b80a800 JavaThread "jar transforms Thread 33" [_thread_blocked, id=4996, stack(0x00000000238b0000,0x00000000239b0000)]
  0x000000001b80a000 JavaThread "jar transforms Thread 32" [_thread_blocked, id=20932, stack(0x00000000237b0000,0x00000000238b0000)]
  0x000000001b809000 JavaThread "jar transforms Thread 31" [_thread_blocked, id=19028, stack(0x00000000236b0000,0x00000000237b0000)]
  0x000000001b808800 JavaThread "jar transforms Thread 30" [_thread_blocked, id=9400, stack(0x00000000235b0000,0x00000000236b0000)]
  0x000000001b80d000 JavaThread "jar transforms Thread 29" [_thread_blocked, id=20700, stack(0x00000000234b0000,0x00000000235b0000)]
  0x000000001b802000 JavaThread "jar transforms Thread 28" [_thread_blocked, id=15460, stack(0x00000000233b0000,0x00000000234b0000)]
  0x000000001b800800 JavaThread "jar transforms Thread 27" [_thread_blocked, id=12996, stack(0x00000000232b0000,0x00000000233b0000)]
  0x000000001b807800 JavaThread "jar transforms Thread 26" [_thread_blocked, id=14648, stack(0x00000000231b0000,0x00000000232b0000)]
  0x000000001b805000 JavaThread "jar transforms Thread 25" [_thread_blocked, id=16472, stack(0x00000000230b0000,0x00000000231b0000)]
  0x000000001b806800 JavaThread "jar transforms Thread 24" [_thread_blocked, id=9968, stack(0x0000000022fb0000,0x00000000230b0000)]
  0x000000001b803800 JavaThread "jar transforms Thread 23" [_thread_blocked, id=14296, stack(0x0000000022eb0000,0x0000000022fb0000)]
  0x000000001b800000 JavaThread "jar transforms Thread 22" [_thread_blocked, id=20676, stack(0x0000000022db0000,0x0000000022eb0000)]
  0x000000001b803000 JavaThread "jar transforms Thread 21" [_thread_blocked, id=8936, stack(0x0000000022cb0000,0x0000000022db0000)]
  0x000000001b7ff000 JavaThread "jar transforms Thread 20" [_thread_blocked, id=17420, stack(0x0000000022bb0000,0x0000000022cb0000)]
  0x000000001b806000 JavaThread "jar transforms Thread 19" [_thread_blocked, id=20684, stack(0x0000000022ab0000,0x0000000022bb0000)]
  0x000000001b7fd800 JavaThread "jar transforms Thread 18" [_thread_blocked, id=13880, stack(0x00000000229b0000,0x0000000022ab0000)]
  0x000000001b804800 JavaThread "jar transforms Thread 17" [_thread_blocked, id=17288, stack(0x00000000228b0000,0x00000000229b0000)]
  0x000000001b7fe800 JavaThread "jar transforms Thread 16" [_thread_blocked, id=19004, stack(0x00000000227b0000,0x00000000228b0000)]
  0x000000001b801800 JavaThread "jar transforms Thread 15" [_thread_blocked, id=20640, stack(0x00000000226b0000,0x00000000227b0000)]
  0x000000001aa76800 JavaThread "jar transforms Thread 14" [_thread_blocked, id=9240, stack(0x00000000225b0000,0x00000000226b0000)]
  0x000000001aa72000 JavaThread "jar transforms Thread 13" [_thread_blocked, id=20616, stack(0x00000000224b0000,0x00000000225b0000)]
  0x000000001aa76000 JavaThread "jar transforms Thread 12" [_thread_blocked, id=20612, stack(0x00000000223b0000,0x00000000224b0000)]
  0x000000001aa75000 JavaThread "jar transforms Thread 11" [_thread_blocked, id=8084, stack(0x00000000222b0000,0x00000000223b0000)]
  0x000000001aa73000 JavaThread "jar transforms Thread 10" [_thread_blocked, id=3848, stack(0x00000000221b0000,0x00000000222b0000)]
  0x000000001aa74800 JavaThread "jar transforms Thread 9" [_thread_blocked, id=9708, stack(0x00000000220b0000,0x00000000221b0000)]
  0x000000001aa73800 JavaThread "jar transforms Thread 8" [_thread_blocked, id=9016, stack(0x0000000021fb0000,0x00000000220b0000)]
  0x000000001aa77800 JavaThread "jar transforms Thread 7" [_thread_blocked, id=18556, stack(0x0000000021eb0000,0x0000000021fb0000)]
  0x000000001aa6a800 JavaThread "jar transforms Thread 6" [_thread_blocked, id=17048, stack(0x0000000021db0000,0x0000000021eb0000)]
  0x000000001aa71800 JavaThread "jar transforms Thread 5" [_thread_blocked, id=7260, stack(0x0000000021cb0000,0x0000000021db0000)]
  0x000000001aa70800 JavaThread "jar transforms Thread 4" [_thread_blocked, id=16656, stack(0x0000000021bb0000,0x0000000021cb0000)]
  0x000000001aa70000 JavaThread "jar transforms Thread 3" [_thread_blocked, id=15072, stack(0x0000000021ab0000,0x0000000021bb0000)]
  0x000000001aa6f000 JavaThread "jar transforms Thread 2" [_thread_blocked, id=20812, stack(0x00000000219b0000,0x0000000021ab0000)]
  0x000000001aa6e800 JavaThread "Build operations Thread 4" [_thread_blocked, id=628, stack(0x00000000218b0000,0x00000000219b0000)]
  0x000000001aa6b800 JavaThread "Build operations Thread 3" [_thread_blocked, id=20564, stack(0x00000000217b0000,0x00000000218b0000)]
  0x000000001aa6d000 JavaThread "Build operations Thread 2" [_thread_blocked, id=2876, stack(0x00000000216b0000,0x00000000217b0000)]
  0x000000001aa6a000 JavaThread "Build operations" [_thread_blocked, id=20808, stack(0x00000000215b0000,0x00000000216b0000)]
  0x000000001aa6d800 JavaThread "Cache worker for file content cache (C:\Users\tause\.gradle\caches\6.5\fileContent)" [_thread_blocked, id=11056, stack(0x0000000020eb0000,0x0000000020fb0000)]
  0x000000001a00e800 JavaThread "jar transforms" [_thread_blocked, id=20680, stack(0x0000000020db0000,0x0000000020eb0000)]
  0x000000001a00d000 JavaThread "Cache worker for execution history cache (C:\Users\tause\.gradle\caches\6.5\executionHistory)" [_thread_blocked, id=10188, stack(0x00000000206b0000,0x00000000207b0000)]
  0x000000001a00b800 JavaThread "Cache worker for cache directory md-rule (C:\Users\tause\.gradle\caches\6.5\md-rule)" [_thread_blocked, id=20972, stack(0x00000000205b0000,0x00000000206b0000)]
  0x000000001a00b000 JavaThread "Cache worker for cache directory md-supplier (C:\Users\tause\.gradle\caches\6.5\md-supplier)" [_thread_blocked, id=20968, stack(0x00000000204b0000,0x00000000205b0000)]
  0x000000001a011000 JavaThread "Cache worker for checksums cache (F:\Professional Softwares\Android\Enzipe\Image to text\.gradle\checksums)" [_thread_blocked, id=20980, stack(0x000000001f150000,0x000000001f250000)]
  0x000000001a00e000 JavaThread "Cache worker for file hash cache (F:\Professional Softwares\Android\Enzipe\Image to text\.gradle\6.5\fileHashes)" [_thread_blocked, id=18408, stack(0x000000001ee50000,0x000000001ef50000)]
  0x000000001a010000 JavaThread "Cache worker for file hash cache (C:\Users\tause\.gradle\caches\6.5\fileHashes)" [_thread_blocked, id=18976, stack(0x000000001db80000,0x000000001dc80000)]
  0x000000001a00c800 JavaThread "File lock request listener" [_thread_in_native, id=12448, stack(0x000000001d980000,0x000000001da80000)]
  0x000000001a00a000 JavaThread "Cache worker for journal cache (C:\Users\tause\.gradle\caches\journal-1)" [_thread_blocked, id=3176, stack(0x000000001d880000,0x000000001d980000)]
  0x000000001b655800 JavaThread "Thread-9" [_thread_blocked, id=21072, stack(0x000000001d580000,0x000000001d680000)]
  0x000000001b651800 JavaThread "Stdin handler" [_thread_blocked, id=21068, stack(0x000000001d480000,0x000000001d580000)]
  0x000000001b64c000 JavaThread "Asynchronous log dispatcher for DefaultDaemonConnection: socket connection from /127.0.0.1:54520 to /127.0.0.1:54521" [_thread_blocked, id=21076, stack(0x000000001d380000,0x000000001d480000)]
  0x000000001b649800 JavaThread "Daemon worker" [_thread_in_Java, id=21404, stack(0x000000001d280000,0x000000001d380000)]
  0x000000001b63d000 JavaThread "Cancel handler" [_thread_blocked, id=15340, stack(0x000000001d180000,0x000000001d280000)]
  0x000000001b737000 JavaThread "Handler for socket connection from /127.0.0.1:54520 to /127.0.0.1:54521" [_thread_in_native, id=19212, stack(0x000000001d080000,0x000000001d180000)]
  0x000000001b736000 JavaThread "Daemon" [_thread_blocked, id=17280, stack(0x000000001cf80000,0x000000001d080000)]
  0x000000001b618800 JavaThread "Daemon periodic checks" [_thread_blocked, id=4796, stack(0x000000001cc80000,0x000000001cd80000)]
  0x000000001b5c4800 JavaThread "Incoming local TCP Connector on port 54520" [_thread_in_native, id=13404, stack(0x000000001ca40000,0x000000001cb40000)]
  0x000000001b4f1000 JavaThread "Daemon health stats" [_thread_blocked, id=7264, stack(0x000000001c400000,0x000000001c500000)]
  0x0000000019481800 JavaThread "Service Thread" daemon [_thread_blocked, id=19668, stack(0x0000000019860000,0x0000000019960000)]
  0x0000000017b2c800 JavaThread "C1 CompilerThread2" daemon [_thread_blocked, id=14320, stack(0x0000000019360000,0x0000000019460000)]
  0x0000000017b11800 JavaThread "C2 CompilerThread1" daemon [_thread_in_native, id=20324, stack(0x0000000019260000,0x0000000019360000)]
=>0x0000000017b07800 JavaThread "C2 CompilerThread0" daemon [_thread_in_native, id=19528, stack(0x0000000019160000,0x0000000019260000)]
  0x0000000017b05000 JavaThread "Attach Listener" daemon [_thread_blocked, id=4120, stack(0x0000000019060000,0x0000000019160000)]
  0x0000000002ede800 JavaThread "Signal Dispatcher" daemon [_thread_blocked, id=20208, stack(0x0000000018f60000,0x0000000019060000)]
  0x0000000002ed6000 JavaThread "Finalizer" daemon [_thread_blocked, id=20992, stack(0x0000000018d60000,0x0000000018e60000)]
  0x0000000017ae9000 JavaThread "Reference Handler" daemon [_thread_blocked, id=19480, stack(0x0000000018c60000,0x0000000018d60000)]
  0x0000000002cde000 JavaThread "main" [_thread_blocked, id=19468, stack(0x0000000002ce0000,0x0000000002de0000)]

Other Threads:
  0x0000000017ac6800 VMThread [stack: 0x0000000018b60000,0x0000000018c60000] [id=2752]
  0x000000001949d000 WatcherThread [stack: 0x0000000019960000,0x0000000019a60000] [id=19592]

VM state:not at safepoint (normal execution)

VM Mutex/Monitor currently owned by a thread: None

heap address: 0x0000000080000000, size: 2048 MB, Compressed Oops mode: 32-bit
Narrow klass base: 0x0000000000000000, Narrow klass shift: 3
Compressed class space size: 1073741824 Address: 0x0000000100000000

Heap:
 PSYoungGen      total 196608K, used 52346K [0x00000000d5580000, 0x00000000e2700000, 0x0000000100000000)
  eden space 184320K, 21% used [0x00000000d5580000,0x00000000d7ca15d8,0x00000000e0980000)
  from space 12288K, 99% used [0x00000000e0f00000,0x00000000e1afd300,0x00000000e1b00000)
  to   space 10240K, 0% used [0x00000000e1d00000,0x00000000e1d00000,0x00000000e2700000)
 ParOldGen       total 123904K, used 31752K [0x0000000080000000, 0x0000000087900000, 0x00000000d5580000)
  object space 123904K, 25% used [0x0000000080000000,0x0000000081f02058,0x0000000087900000)
 Metaspace       used 56088K, capacity 58366K, committed 58664K, reserved 1099776K
  class space    used 7641K, capacity 8141K, committed 8232K, reserved 1048576K

Card table byte_map: [0x00000000122a0000,0x00000000126b0000] byte_map_base: 0x0000000011ea0000

Marking Bits: (ParMarkBitMap*) 0x000000005c0bf030
 Begin Bits: [0x0000000012d60000, 0x0000000014d60000)
 End Bits:   [0x0000000014d60000, 0x0000000016d60000)

Polling page: 0x0000000000e50000

CodeCache: size=245760Kb used=16555Kb max_used=16577Kb free=229205Kb
 bounds [0x0000000002ee0000, 0x0000000003f20000, 0x0000000011ee0000]
 total_blobs=5642 nmethods=4876 adapters=679
 compilation: enabled

Compilation events (10 events):
Event: 24.281 Thread 0x0000000017b2c800 5295       3       org.gradle.internal.operations.DefaultBuildOperationExecutor::access$1100 (6 bytes)
Event: 24.282 Thread 0x0000000017b2c800 nmethod 5295 0x0000000003f0e2d0 code [0x0000000003f0e480, 0x0000000003f0ea28]
Event: 24.285 Thread 0x0000000017b2c800 5296       3       java.util.TreeSet::add (22 bytes)
Event: 24.285 Thread 0x0000000017b2c800 nmethod 5296 0x0000000003f0edd0 code [0x0000000003f0ef40, 0x0000000003f0f1c8]
Event: 24.314 Thread 0x0000000017b2c800 5297       3       org.gradle.internal.instantiation.generator.AbstractClassGenerator::isRoleType (49 bytes)
Event: 24.314 Thread 0x0000000017b2c800 nmethod 5297 0x0000000003f15c10 code [0x0000000003f15dc0, 0x0000000003f163d8]
Event: 24.316 Thread 0x0000000017b2c800 5298       3       org.objectweb.asm.ByteVector::putInt (74 bytes)
Event: 24.316 Thread 0x0000000017b11800 nmethod 5178 0x0000000003f16610 code [0x0000000003f169e0, 0x0000000003f1a648]
Event: 24.316 Thread 0x0000000017b11800 5187   !   4       sun.misc.URLClassPath$JarLoader::getResource (85 bytes)
Event: 24.316 Thread 0x0000000017b2c800 nmethod 5298 0x0000000003f15650 code [0x0000000003f157c0, 0x0000000003f15a48]

GC Heap History (10 events):
Event: 14.407 GC heap before
{Heap before GC invocations=7 (full 1):
 PSYoungGen      total 76288K, used 74177K [0x00000000d5580000, 0x00000000dd780000, 0x0000000100000000)
  eden space 65536K, 100% used [0x00000000d5580000,0x00000000d9580000,0x00000000d9580000)
  from space 10752K, 80% used [0x00000000d9580000,0x00000000d9df0700,0x00000000da000000)
  to   space 12288K, 0% used [0x00000000dcb80000,0x00000000dcb80000,0x00000000dd780000)
 ParOldGen       total 93696K, used 7049K [0x0000000080000000, 0x0000000085b80000, 0x00000000d5580000)
  object space 93696K, 7% used [0x0000000080000000,0x00000000806e2440,0x0000000085b80000)
 Metaspace       used 33085K, capacity 34244K, committed 34608K, reserved 1079296K
  class space    used 4509K, capacity 4791K, committed 4912K, reserved 1048576K
Event: 14.682 GC heap after
Heap after GC invocations=7 (full 1):
 PSYoungGen      total 120832K, used 9297K [0x00000000d5580000, 0x00000000ddf00000, 0x0000000100000000)
  eden space 108544K, 0% used [0x00000000d5580000,0x00000000d5580000,0x00000000dbf80000)
  from space 12288K, 75% used [0x00000000dcb80000,0x00000000dd494760,0x00000000dd780000)
  to   space 12288K, 0% used [0x00000000dbf80000,0x00000000dbf80000,0x00000000dcb80000)
 ParOldGen       total 93696K, used 7057K [0x0000000080000000, 0x0000000085b80000, 0x00000000d5580000)
  object space 93696K, 7% used [0x0000000080000000,0x00000000806e4440,0x0000000085b80000)
 Metaspace       used 33085K, capacity 34244K, committed 34608K, reserved 1079296K
  class space    used 4509K, capacity 4791K, committed 4912K, reserved 1048576K
}
Event: 15.424 GC heap before
{Heap before GC invocations=8 (full 1):
 PSYoungGen      total 120832K, used 35304K [0x00000000d5580000, 0x00000000ddf00000, 0x0000000100000000)
  eden space 108544K, 23% used [0x00000000d5580000,0x00000000d6ee5b00,0x00000000dbf80000)
  from space 12288K, 75% used [0x00000000dcb80000,0x00000000dd494760,0x00000000dd780000)
  to   space 12288K, 0% used [0x00000000dbf80000,0x00000000dbf80000,0x00000000dcb80000)
 ParOldGen       total 93696K, used 7057K [0x0000000080000000, 0x0000000085b80000, 0x00000000d5580000)
  object space 93696K, 7% used [0x0000000080000000,0x00000000806e4440,0x0000000085b80000)
 Metaspace       used 34311K, capacity 35414K, committed 35496K, reserved 1079296K
  class space    used 4712K, capacity 5002K, committed 5032K, reserved 1048576K
Event: 15.449 GC heap after
Heap after GC invocations=8 (full 1):
 PSYoungGen      total 120832K, used 7937K [0x00000000d5580000, 0x00000000e2880000, 0x0000000100000000)
  eden space 108544K, 0% used [0x00000000d5580000,0x00000000d5580000,0x00000000dbf80000)
  from space 12288K, 64% used [0x00000000dbf80000,0x00000000dc740480,0x00000000dcb80000)
  to   space 11776K, 0% used [0x00000000e1d00000,0x00000000e1d00000,0x00000000e2880000)
 ParOldGen       total 93696K, used 7065K [0x0000000080000000, 0x0000000085b80000, 0x00000000d5580000)
  object space 93696K, 7% used [0x0000000080000000,0x00000000806e6440,0x0000000085b80000)
 Metaspace       used 34311K, capacity 35414K, committed 35496K, reserved 1079296K
  class space    used 4712K, capacity 5002K, committed 5032K, reserved 1048576K
}
Event: 15.449 GC heap before
{Heap before GC invocations=9 (full 2):
 PSYoungGen      total 120832K, used 7937K [0x00000000d5580000, 0x00000000e2880000, 0x0000000100000000)
  eden space 108544K, 0% used [0x00000000d5580000,0x00000000d5580000,0x00000000dbf80000)
  from space 12288K, 64% used [0x00000000dbf80000,0x00000000dc740480,0x00000000dcb80000)
  to   space 11776K, 0% used [0x00000000e1d00000,0x00000000e1d00000,0x00000000e2880000)
 ParOldGen       total 93696K, used 7065K [0x0000000080000000, 0x0000000085b80000, 0x00000000d5580000)
  object space 93696K, 7% used [0x0000000080000000,0x00000000806e6440,0x0000000085b80000)
 Metaspace       used 34311K, capacity 35414K, committed 35496K, reserved 1079296K
  class space    used 4712K, capacity 5002K, committed 5032K, reserved 1048576K
Event: 15.549 GC heap after
Heap after GC invocations=9 (full 2):
 PSYoungGen      total 120832K, used 0K [0x00000000d5580000, 0x00000000e2880000, 0x0000000100000000)
  eden space 108544K, 0% used [0x00000000d5580000,0x00000000d5580000,0x00000000dbf80000)
  from space 12288K, 0% used [0x00000000dbf80000,0x00000000dbf80000,0x00000000dcb80000)
  to   space 11776K, 0% used [0x00000000e1d00000,0x00000000e1d00000,0x00000000e2880000)
 ParOldGen       total 123904K, used 14375K [0x0000000080000000, 0x0000000087900000, 0x00000000d5580000)
  object space 123904K, 11% used [0x0000000080000000,0x0000000080e09f90,0x0000000087900000)
 Metaspace       used 34311K, capacity 35414K, committed 35496K, reserved 1079296K
  class space    used 4712K, capacity 5002K, committed 5032K, reserved 1048576K
}
Event: 18.372 GC heap before
{Heap before GC invocations=10 (full 2):
 PSYoungGen      total 120832K, used 108544K [0x00000000d5580000, 0x00000000e2880000, 0x0000000100000000)
  eden space 108544K, 100% used [0x00000000d5580000,0x00000000dbf80000,0x00000000dbf80000)
  from space 12288K, 0% used [0x00000000dbf80000,0x00000000dbf80000,0x00000000dcb80000)
  to   space 11776K, 0% used [0x00000000e1d00000,0x00000000e1d00000,0x00000000e2880000)
 ParOldGen       total 123904K, used 14375K [0x0000000080000000, 0x0000000087900000, 0x00000000d5580000)
  object space 123904K, 11% used [0x0000000080000000,0x0000000080e09f90,0x0000000087900000)
 Metaspace       used 38045K, capacity 39602K, committed 39720K, reserved 1083392K
  class space    used 5230K, capacity 5569K, committed 5672K, reserved 1048576K
Event: 18.406 GC heap after
Heap after GC invocations=10 (full 2):
 PSYoungGen      total 194560K, used 10152K [0x00000000d5580000, 0x00000000e2700000, 0x0000000100000000)
  eden space 184320K, 0% used [0x00000000d5580000,0x00000000d5580000,0x00000000e0980000)
  from space 10240K, 99% used [0x00000000e1d00000,0x00000000e26ea3f0,0x00000000e2700000)
  to   space 12288K, 0% used [0x00000000e0f00000,0x00000000e0f00000,0x00000000e1b00000)
 ParOldGen       total 123904K, used 14383K [0x0000000080000000, 0x0000000087900000, 0x00000000d5580000)
  object space 123904K, 11% used [0x0000000080000000,0x0000000080e0bf90,0x0000000087900000)
 Metaspace       used 38045K, capacity 39602K, committed 39720K, reserved 1083392K
  class space    used 5230K, capacity 5569K, committed 5672K, reserved 1048576K
}
Event: 23.776 GC heap before
{Heap before GC invocations=11 (full 2):
 PSYoungGen      total 194560K, used 194472K [0x00000000d5580000, 0x00000000e2700000, 0x0000000100000000)
  eden space 184320K, 100% used [0x00000000d5580000,0x00000000e0980000,0x00000000e0980000)
  from space 10240K, 99% used [0x00000000e1d00000,0x00000000e26ea3f0,0x00000000e2700000)
  to   space 12288K, 0% used [0x00000000e0f00000,0x00000000e0f00000,0x00000000e1b00000)
 ParOldGen       total 123904K, used 14383K [0x0000000080000000, 0x0000000087900000, 0x00000000d5580000)
  object space 123904K, 11% used [0x0000000080000000,0x0000000080e0bf90,0x0000000087900000)
 Metaspace       used 54658K, capacity 56882K, committed 57128K, reserved 1097728K
  class space    used 7432K, capacity 7902K, committed 7976K, reserved 1048576K
Event: 23.824 GC heap after
Heap after GC invocations=11 (full 2):
 PSYoungGen      total 196608K, used 12276K [0x00000000d5580000, 0x00000000e2700000, 0x0000000100000000)
  eden space 184320K, 0% used [0x00000000d5580000,0x00000000d5580000,0x00000000e0980000)
  from space 12288K, 99% used [0x00000000e0f00000,0x00000000e1afd300,0x00000000e1b00000)
  to   space 10240K, 0% used [0x00000000e1d00000,0x00000000e1d00000,0x00000000e2700000)
 ParOldGen       total 123904K, used 31752K [0x0000000080000000, 0x0000000087900000, 0x00000000d5580000)
  object space 123904K, 25% used [0x0000000080000000,0x0000000081f02058,0x0000000087900000)
 Metaspace       used 54658K, capacity 56882K, committed 57128K, reserved 1097728K
  class space    used 7432K, capacity 7902K, committed 7976K, reserved 1048576K
}

Deoptimization events (10 events):
Event: 22.472 Thread 0x000000001b649800 Uncommon trap: reason=null_check action=make_not_entrant pc=0x0000000002ff325c method=java.lang.Class.searchMethods([Ljava/lang/reflect/Method;Ljava/lang/String;[Ljava/lang/Class;)Ljava/lang/reflect/Method; @ 59
Event: 22.536 Thread 0x000000001b649800 Uncommon trap: reason=class_check action=maybe_recompile pc=0x000000000366de68 method=java.util.WeakHashMap.eq(Ljava/lang/Object;Ljava/lang/Object;)Z @ 7
Event: 22.550 Thread 0x000000001b649800 Uncommon trap: reason=class_check action=maybe_recompile pc=0x000000000366de68 method=java.util.WeakHashMap.eq(Ljava/lang/Object;Ljava/lang/Object;)Z @ 7
Event: 23.680 Thread 0x000000001b649800 Uncommon trap: reason=unstable_if action=reinterpret pc=0x00000000031511a8 method=sun.misc.MetaIndex.mayContain(Ljava/lang/String;)Z @ 38
Event: 23.683 Thread 0x000000001b649800 Uncommon trap: reason=unstable_if action=reinterpret pc=0x0000000003e52f2c method=java.security.CodeSource.hashCode()I @ 4
Event: 23.683 Thread 0x000000001b649800 Uncommon trap: reason=unstable_if action=reinterpret pc=0x000000000387f5cc method=java.security.CodeSource.hashCode()I @ 4
Event: 24.056 Thread 0x000000001b649800 Uncommon trap: reason=unstable_if action=reinterpret pc=0x000000000384ceb0 method=java.lang.Class$MethodArray.removeLessSpecifics()V @ 25
Event: 24.062 Thread 0x000000001b649800 Uncommon trap: reason=unstable_if action=reinterpret pc=0x0000000003d6a2fc method=org.codehaus.groovy.runtime.metaclass.MetaMethodIndex.addMethodToList(Ljava/lang/Object;Lgroovy/lang/MetaMethod;)Ljava/lang/Object; @ 256
Event: 24.062 Thread 0x000000001b649800 Uncommon trap: reason=unstable_if action=reinterpret pc=0x0000000003d85028 method=org.codehaus.groovy.runtime.metaclass.MetaMethodIndex.addMethodToList(Ljava/lang/Object;Lgroovy/lang/MetaMethod;)Ljava/lang/Object; @ 256
Event: 24.313 Thread 0x000000001b649800 Uncommon trap: reason=unstable_if action=reinterpret pc=0x00000000034e57a0 method=org.objectweb.asm.ByteVector.putInt(I)Lorg/objectweb/asm/ByteVector; @ 13

Classes redefined (0 events):
No events

Internal exceptions (10 events):
Event: 24.157 Thread 0x000000001b649800 Exception <a 'java/lang/ClassNotFoundException': org/gradle/api/internal/tasks/DefaultTaskContainer$TaskCreatingProviderCustomizer> (0x00000000d72e0640) thrown at [C:\src\AOSP-openjdk-git\hotspot\src\share\vm\classfile\systemDictionary.cpp, line 210]
Event: 24.158 Thread 0x000000001b649800 Exception <a 'java/lang/ClassNotFoundException': org/gradle/api/internal/tasks/DefaultTaskContainer$TaskCreatingProvider_DecoratedCustomizer> (0x00000000d730e3d0) thrown at [C:\src\AOSP-openjdk-git\hotspot\src\share\vm\classfile\systemDictionary.cpp, line
Event: 24.213 Thread 0x000000001b649800 Exception <a 'java/lang/ClassNotFoundException': com/google/android/gms/dependencies/DependencyAnalyzerBeanInfo> (0x00000000d74e7d88) thrown at [C:\src\AOSP-openjdk-git\hotspot\src\share\vm\classfile\systemDictionary.cpp, line 210]
Event: 24.214 Thread 0x000000001b649800 Exception <a 'java/lang/ClassNotFoundException': com/google/android/gms/dependencies/DependencyAnalyzerCustomizer> (0x00000000d7505218) thrown at [C:\src\AOSP-openjdk-git\hotspot\src\share\vm\classfile\systemDictionary.cpp, line 210]
Event: 24.228 Thread 0x000000001b649800 Exception <a 'java/lang/ClassNotFoundException': com/google/android/gms/dependencies/DependencyInspectorBeanInfo> (0x00000000d759dc70) thrown at [C:\src\AOSP-openjdk-git\hotspot\src\share\vm\classfile\systemDictionary.cpp, line 210]
Event: 24.229 Thread 0x000000001b649800 Exception <a 'java/lang/ClassNotFoundException': com/google/android/gms/dependencies/DependencyInspectorCustomizer> (0x00000000d75bb190) thrown at [C:\src\AOSP-openjdk-git\hotspot\src\share\vm\classfile\systemDictionary.cpp, line 210]
Event: 24.236 Thread 0x000000001b649800 Exception <a 'java/lang/ClassNotFoundException': org/gradle/invocation/DefaultGradle_DecoratedBeanInfo> (0x00000000d762b518) thrown at [C:\src\AOSP-openjdk-git\hotspot\src\share\vm\classfile\systemDictionary.cpp, line 210]
Event: 24.237 Thread 0x000000001b649800 Exception <a 'java/lang/ClassNotFoundException': org/gradle/invocation/DefaultGradleBeanInfo> (0x00000000d7641f10) thrown at [C:\src\AOSP-openjdk-git\hotspot\src\share\vm\classfile\systemDictionary.cpp, line 210]
Event: 24.238 Thread 0x000000001b649800 Exception <a 'java/lang/ClassNotFoundException': org/gradle/invocation/DefaultGradleCustomizer> (0x00000000d7658f28) thrown at [C:\src\AOSP-openjdk-git\hotspot\src\share\vm\classfile\systemDictionary.cpp, line 210]
Event: 24.241 Thread 0x000000001b649800 Exception <a 'java/lang/ClassNotFoundException': org/gradle/invocation/DefaultGradle_DecoratedCustomizer> (0x00000000d76bab80) thrown at [C:\src\AOSP-openjdk-git\hotspot\src\share\vm\classfile\systemDictionary.cpp, line 210]

Events (10 events):
Event: 24.319 loading class org/gradle/api/tasks/compile/AbstractCompile$BackwardCompatibilityOutputDirectoryConvention
Event: 24.319 loading class org/gradle/api/tasks/compile/AbstractCompile$BackwardCompatibilityOutputDirectoryConvention done
Event: 24.320 loading class org/gradle/api/tasks/compile/JavaCompile
Event: 24.320 loading class org/gradle/api/tasks/compile/JavaCompile done
Event: 24.321 loading class org/gradle/api/tasks/compile/ForkOptions
Event: 24.321 loading class org/gradle/api/tasks/compile/ForkOptions done
Event: 24.322 loading class org/gradle/api/tasks/compile/BaseForkOptions
Event: 24.322 loading class org/gradle/api/tasks/compile/BaseForkOptions done
Event: 24.322 loading class org/gradle/api/tasks/compile/DebugOptions
Event: 24.322 loading class org/gradle/api/tasks/compile/DebugOptions done


Dynamic libraries:
0x00007ff617c50000 - 0x00007ff617c81000 	C:\Program Files\Android\Android Studio\jre\bin\java.exe
0x00007ffe22990000 - 0x00007ffe22b86000 	C:\Windows\SYSTEM32\ntdll.dll
0x00007ffe209f0000 - 0x00007ffe20aad000 	C:\Windows\System32\KERNEL32.DLL
0x00007ffe206c0000 - 0x00007ffe20989000 	C:\Windows\System32\KERNELBASE.dll
0x00007ffe214b0000 - 0x00007ffe2155c000 	C:\Windows\System32\ADVAPI32.dll
0x00007ffe228b0000 - 0x00007ffe2294e000 	C:\Windows\System32\msvcrt.dll
0x00007ffe20ab0000 - 0x00007ffe20b4c000 	C:\Windows\System32\sechost.dll
0x00007ffe20c60000 - 0x00007ffe20d8b000 	C:\Windows\System32\RPCRT4.dll
0x00007ffe21310000 - 0x00007ffe214b0000 	C:\Windows\System32\USER32.dll
0x00007ffe20330000 - 0x00007ffe20352000 	C:\Windows\System32\win32u.dll
0x00007ffe20d90000 - 0x00007ffe20dba000 	C:\Windows\System32\GDI32.dll
0x00007ffe20450000 - 0x00007ffe20559000 	C:\Windows\System32\gdi32full.dll
0x00007ffe203b0000 - 0x00007ffe2044d000 	C:\Windows\System32\msvcp_win.dll
0x00007ffe20180000 - 0x00007ffe20280000 	C:\Windows\System32\ucrtbase.dll
0x00007ffe0cce0000 - 0x00007ffe0cf7b000 	C:\Windows\WinSxS\amd64_microsoft.windows.common-controls_6595b64144ccf1df_6.0.19041.488_none_ca04af081b815d21\COMCTL32.dll
0x00007ffe20e20000 - 0x00007ffe20e50000 	C:\Windows\System32\IMM32.DLL
0x000000005ae80000 - 0x000000005af52000 	C:\Program Files\Android\Android Studio\jre\jre\bin\msvcr100.dll
0x000000005b8f0000 - 0x000000005c13b000 	C:\Program Files\Android\Android Studio\jre\jre\bin\server\jvm.dll
0x00007ffe22300000 - 0x00007ffe22308000 	C:\Windows\System32\PSAPI.DLL
0x00007ffe06350000 - 0x00007ffe06359000 	C:\Windows\SYSTEM32\WSOCK32.dll
0x00007ffe08e70000 - 0x00007ffe08e97000 	C:\Windows\SYSTEM32\WINMM.dll
0x00007ffe21580000 - 0x00007ffe215eb000 	C:\Windows\System32\WS2_32.dll
0x00007ffe144d0000 - 0x00007ffe144da000 	C:\Windows\SYSTEM32\VERSION.dll
0x00007ffe1cf10000 - 0x00007ffe1cf1f000 	C:\Program Files\Android\Android Studio\jre\jre\bin\verify.dll
0x00007ffe15160000 - 0x00007ffe15189000 	C:\Program Files\Android\Android Studio\jre\jre\bin\java.dll
0x00007ffe15040000 - 0x00007ffe15056000 	C:\Program Files\Android\Android Studio\jre\jre\bin\zip.dll
0x00007ffe21b00000 - 0x00007ffe22242000 	C:\Windows\System32\SHELL32.dll
0x00007ffe1e200000 - 0x00007ffe1e995000 	C:\Windows\SYSTEM32\windows.storage.dll
0x00007ffe215f0000 - 0x00007ffe21946000 	C:\Windows\System32\combase.dll
0x00007ffe1fa70000 - 0x00007ffe1fa9c000 	C:\Windows\SYSTEM32\Wldp.dll
0x00007ffe20bb0000 - 0x00007ffe20c5e000 	C:\Windows\System32\SHCORE.dll
0x00007ffe223e0000 - 0x00007ffe22435000 	C:\Windows\System32\shlwapi.dll
0x00007ffe20000000 - 0x00007ffe20026000 	C:\Windows\SYSTEM32\profapi.dll
0x00007ffe14fe0000 - 0x00007ffe14ffa000 	C:\Program Files\Android\Android Studio\jre\jre\bin\net.dll
0x00007ffe1f7f0000 - 0x00007ffe1f85a000 	C:\Windows\system32\mswsock.dll
0x00007ffe11a40000 - 0x00007ffe11a53000 	C:\Program Files\Android\Android Studio\jre\jre\bin\nio.dll
0x00007ffdf7b10000 - 0x00007ffdf7b37000 	C:\Users\tause\.gradle\native\f6784746aeab05261644944871eae4fe03e0ef1612fff0a4a95f87b438bc6780\windows-amd64\native-platform.dll
0x00007ffe1b1f0000 - 0x00007ffe1b1fd000 	C:\Program Files\Android\Android Studio\jre\jre\bin\management.dll
0x00007ffe1f9d0000 - 0x00007ffe1f9e8000 	C:\Windows\SYSTEM32\CRYPTSP.dll
0x00007ffe1f180000 - 0x00007ffe1f1b4000 	C:\Windows\system32\rsaenh.dll
0x00007ffe20300000 - 0x00007ffe20327000 	C:\Windows\System32\bcrypt.dll
0x00007ffe1ffc0000 - 0x00007ffe1ffee000 	C:\Windows\SYSTEM32\USERENV.dll
0x00007ffe20280000 - 0x00007ffe20300000 	C:\Windows\System32\bcryptprimitives.dll
0x00007ffe1f9c0000 - 0x00007ffe1f9cc000 	C:\Windows\SYSTEM32\CRYPTBASE.dll
0x00007ffe1f4e0000 - 0x00007ffe1f51b000 	C:\Windows\SYSTEM32\IPHLPAPI.DLL
0x00007ffe210c0000 - 0x00007ffe210c8000 	C:\Windows\System32\NSI.dll
0x00007ffe12970000 - 0x00007ffe12987000 	C:\Windows\SYSTEM32\dhcpcsvc6.DLL
0x00007ffe12950000 - 0x00007ffe1296d000 	C:\Windows\SYSTEM32\dhcpcsvc.DLL
0x00007ffe1f520000 - 0x00007ffe1f5eb000 	C:\Windows\SYSTEM32\DNSAPI.dll
0x00007ffe131e0000 - 0x00007ffe131eb000 	C:\Windows\SYSTEM32\WINNSI.DLL

VM Arguments:
jvm_args: -Xmx2048m -Dfile.encoding=UTF-8 -Duser.country=US -Duser.language=en -Duser.variant 
java_command: org.gradle.launcher.daemon.bootstrap.GradleDaemon 6.5
java_class_path (initial): C:\Users\tause\.gradle\wrapper\dists\gradle-6.5-bin\6nifqtx7604sqp1q6g8wikw7p\gradle-6.5\lib\gradle-launcher-6.5.jar
Launcher Type: SUN_STANDARD

Environment Variables:
PATH=C:\Program Files (x86)\Common Files\Oracle\Java\javapath;C:\Windows\system32;C:\Windows;C:\Windows\System32\Wbem;C:\Windows\System32\WindowsPowerShell\v1.0\;C:\Windows\System32\OpenSSH\;C:\Program Files\Git\cmd;C:\Users\tause\.dnx\bin;C:\Program Files\Microsoft DNX\Dnvm\;C:\Program Files\Microsoft SQL Server\130\Tools\Binn\;C:\Program Files\Microsoft SQL Server\120\Tools\Binn\;C:\Program Files\Microsoft SQL Server\Client SDK\ODBC\110\Tools\Binn\;C:\Program Files (x86)\Microsoft SQL Server\120\Tools\Binn\;C:\Program Files\Microsoft SQL Server\120\DTS\Binn\;C:\Program Files (x86)\Microsoft SQL Server\120\Tools\Binn\ManagementStudio\;C:\Program Files (x86)\Microsoft SQL Server\120\DTS\Binn\;C:\Program Files (x86)\Intel\Intel(R) Management Engine Components\DAL;C:\Program Files\Intel\Intel(R) Management Engine Components\DAL;F:\AndroidSDK\flutter\bin;C:\Users\tause\AppData\Local\Microsoft\WindowsApps;C:\Program Files\Microsoft VS Code\bin;C:\Program Files\JetBrains\PyCharm Community Edition 2020.2.3\bin;;
USERNAME=tause
OS=Windows_NT
PROCESSOR_IDENTIFIER=Intel64 Family 6 Model 78 Stepping 3, GenuineIntel



---------------  S Y S T E M  ---------------

OS: Windows 10.0 , 64 bit Build 19041 (10.0.19041.662)

CPU:total 4 (initial active 4) (2 cores per cpu, 2 threads per core) family 6 model 78 stepping 3, cmov, cx8, fxsr, mmx, sse, sse2, sse3, ssse3, sse4.1, sse4.2, popcnt, avx, avx2, aes, clmul, erms, rtm, 3dnowpref, lzcnt, ht, tsc, tscinvbit, bmi1, bmi2, adx

Memory: 4k page, physical 16654948k(811800k free), swap 47839712k(20484k free)

vm_info: OpenJDK 64-Bit Server VM (25.242-b01) for windows-amd64 JRE (1.8.0_242-release-1644-b01), built by "builder" with MS VC++ 10.0 (VS2010)

time: Thu Dec 17 14:31:49 2020
timezone: Pakistan Standard Time
elapsed time: 24 seconds (0d 0h 0m 24s)

