#
# There is insufficient memory for the Java Runtime Environment to continue.
# Native memory allocation (malloc) failed to allocate 1081296 bytes for Chunk::new
# Possible reasons:
#   The system is out of physical RAM or swap space
#   The process is running with CompressedOops enabled, and the Java Heap may be blocking the growth of the native heap
# Possible solutions:
#   Reduce memory load on the system
#   Increase physical memory or swap space
#   Check if swap backing store is full
#   Decrease Java heap size (-Xmx/-Xms)
#   Decrease number of Java threads
#   Decrease Java thread stack sizes (-Xss)
#   Set larger code cache with -XX:ReservedCodeCacheSize=
#   JVM is running with Unscaled Compressed Oops mode in which the Java heap is
#     placed in the first 4GB address space. The Java Heap base address is the
#     maximum limit for the native heap growth. Please use -XX:HeapBaseMinAddress
#     to set the Java Heap base and to place the Java Heap above 4GB virtual address.
# This output file may be truncated or incomplete.
#
#  Out of Memory Error (allocation.cpp:389), pid=17916, tid=0x0000000000004d44
#
# JRE version: OpenJDK Runtime Environment (8.0_242-b01) (build 1.8.0_242-release-1644-b01)
# Java VM: OpenJDK 64-Bit Server VM (25.242-b01 mixed mode windows-amd64 compressed oops)
# Failed to write core dump. Minidumps are not enabled by default on client versions of Windows
#

---------------  T H R E A D  ---------------

Current thread (0x0000000017f4b800):  JavaThread "C2 CompilerThread1" daemon [_thread_in_native, id=19780, stack(0x0000000019690000,0x0000000019790000)]

Stack: [0x0000000019690000,0x0000000019790000]
[error occurred during error reporting (printing stack bounds), id 0xc0000005]

Native frames: (J=compiled Java code, j=interpreted, Vv=VM code, C=native code)


Current CompileTask:
C2:  12261 4120   !   4       java.util.jar.Attributes::read (380 bytes)


---------------  P R O C E S S  ---------------

Java Threads: ( => current thread )
  0x000000001fc56000 JavaThread "Cache worker for Build Output Cleanup Cache (F:\Professional Softwares\Android\Enzipe\Image to text\.gradle\buildOutputCleanup)" [_thread_blocked, id=21452, stack(0x0000000029d00000,0x0000000029e00000)]
  0x000000001fc5b800 JavaThread "jar transforms Thread 94" [_thread_blocked, id=21388, stack(0x0000000029a00000,0x0000000029b00000)]
  0x000000001fc5a000 JavaThread "jar transforms Thread 93" [_thread_blocked, id=12772, stack(0x0000000029900000,0x0000000029a00000)]
  0x000000001fc5a800 JavaThread "jar transforms Thread 92" [_thread_blocked, id=15824, stack(0x0000000029800000,0x0000000029900000)]
  0x000000001fc59000 JavaThread "jar transforms Thread 91" [_thread_blocked, id=12232, stack(0x0000000029700000,0x0000000029800000)]
  0x000000001fc4e800 JavaThread "jar transforms Thread 90" [_thread_blocked, id=18180, stack(0x0000000029600000,0x0000000029700000)]
  0x000000001fc55800 JavaThread "jar transforms Thread 89" [_thread_blocked, id=11464, stack(0x0000000029500000,0x0000000029600000)]
  0x000000001fc4e000 JavaThread "jar transforms Thread 88" [_thread_blocked, id=13616, stack(0x0000000029400000,0x0000000029500000)]
  0x000000001fc4f800 JavaThread "jar transforms Thread 87" [_thread_blocked, id=19304, stack(0x0000000029300000,0x0000000029400000)]
  0x000000001fc54800 JavaThread "jar transforms Thread 86" [_thread_blocked, id=20772, stack(0x0000000029200000,0x0000000029300000)]
  0x000000001fc54000 JavaThread "jar transforms Thread 85" [_thread_blocked, id=16852, stack(0x0000000029100000,0x0000000029200000)]
  0x000000001fc4c800 JavaThread "jar transforms Thread 84" [_thread_blocked, id=20200, stack(0x0000000029000000,0x0000000029100000)]
  0x000000001fc53000 JavaThread "jar transforms Thread 83" [_thread_blocked, id=13460, stack(0x0000000028f00000,0x0000000029000000)]
  0x000000001fc50000 JavaThread "jar transforms Thread 82" [_thread_blocked, id=19124, stack(0x0000000028e00000,0x0000000028f00000)]
  0x000000001fc4d000 JavaThread "jar transforms Thread 81" [_thread_blocked, id=21096, stack(0x0000000028d00000,0x0000000028e00000)]
  0x000000001fc52800 JavaThread "jar transforms Thread 80" [_thread_blocked, id=15812, stack(0x0000000028c00000,0x0000000028d00000)]
  0x000000001fc51800 JavaThread "jar transforms Thread 79" [_thread_blocked, id=13976, stack(0x0000000028b00000,0x0000000028c00000)]
  0x000000001fc51000 JavaThread "jar transforms Thread 78" [_thread_blocked, id=11652, stack(0x0000000028a00000,0x0000000028b00000)]
  0x000000001e893800 JavaThread "jar transforms Thread 77" [_thread_blocked, id=15456, stack(0x0000000028900000,0x0000000028a00000)]
  0x000000001e893000 JavaThread "jar transforms Thread 76" [_thread_blocked, id=19008, stack(0x0000000028800000,0x0000000028900000)]
  0x000000001e88b800 JavaThread "jar transforms Thread 75" [_thread_blocked, id=2388, stack(0x0000000028700000,0x0000000028800000)]
  0x000000001e892000 JavaThread "jar transforms Thread 74" [_thread_blocked, id=20900, stack(0x0000000028600000,0x0000000028700000)]
  0x000000001e88a800 JavaThread "jar transforms Thread 73" [_thread_blocked, id=12452, stack(0x0000000028500000,0x0000000028600000)]
  0x000000001e88e800 JavaThread "jar transforms Thread 72" [_thread_blocked, id=15832, stack(0x0000000028400000,0x0000000028500000)]
  0x000000001e890000 JavaThread "jar transforms Thread 71" [_thread_blocked, id=20396, stack(0x0000000028300000,0x0000000028400000)]
  0x000000001e88c000 JavaThread "jar transforms Thread 70" [_thread_blocked, id=21144, stack(0x0000000028200000,0x0000000028300000)]
  0x000000001e88f000 JavaThread "jar transforms Thread 69" [_thread_blocked, id=19312, stack(0x0000000028100000,0x0000000028200000)]
  0x000000001e890800 JavaThread "jar transforms Thread 68" [_thread_blocked, id=18232, stack(0x0000000028000000,0x0000000028100000)]
  0x000000001e88d800 JavaThread "jar transforms Thread 67" [_thread_blocked, id=15648, stack(0x0000000027f00000,0x0000000028000000)]
  0x000000001e891800 JavaThread "jar transforms Thread 66" [_thread_blocked, id=19752, stack(0x0000000027e00000,0x0000000027f00000)]
  0x000000001e887000 JavaThread "jar transforms Thread 65" [_thread_blocked, id=19404, stack(0x0000000027d00000,0x0000000027e00000)]
  0x000000001e88d000 JavaThread "jar transforms Thread 64" [_thread_blocked, id=18348, stack(0x0000000027c00000,0x0000000027d00000)]
  0x000000001e885800 JavaThread "jar transforms Thread 63" [_thread_blocked, id=10564, stack(0x0000000027b00000,0x0000000027c00000)]
  0x000000001e889000 JavaThread "jar transforms Thread 62" [_thread_blocked, id=5368, stack(0x0000000027a00000,0x0000000027b00000)]
  0x000000001e884800 JavaThread "jar transforms Thread 61" [_thread_blocked, id=18168, stack(0x0000000027900000,0x0000000027a00000)]
  0x000000001e88a000 JavaThread "jar transforms Thread 60" [_thread_blocked, id=18548, stack(0x0000000027800000,0x0000000027900000)]
  0x000000001e886000 JavaThread "jar transforms Thread 59" [_thread_blocked, id=21200, stack(0x0000000027700000,0x0000000027800000)]
  0x000000001e887800 JavaThread "jar transforms Thread 58" [_thread_blocked, id=7800, stack(0x0000000027600000,0x0000000027700000)]
  0x000000001e888800 JavaThread "jar transforms Thread 57" [_thread_blocked, id=5136, stack(0x0000000027500000,0x0000000027600000)]
  0x000000001fb33800 JavaThread "jar transforms Thread 56" [_thread_blocked, id=13560, stack(0x0000000027400000,0x0000000027500000)]
  0x000000001fb32800 JavaThread "jar transforms Thread 55" [_thread_blocked, id=21004, stack(0x0000000027300000,0x0000000027400000)]
  0x000000001fb30800 JavaThread "jar transforms Thread 54" [_thread_blocked, id=20128, stack(0x0000000027200000,0x0000000027300000)]
  0x000000001fb2f800 JavaThread "jar transforms Thread 53" [_thread_blocked, id=19876, stack(0x0000000027100000,0x0000000027200000)]
  0x000000001fb32000 JavaThread "jar transforms Thread 52" [_thread_blocked, id=18512, stack(0x0000000027000000,0x0000000027100000)]
  0x000000001fb31000 JavaThread "jar transforms Thread 51" [_thread_blocked, id=19012, stack(0x0000000026f00000,0x0000000027000000)]
  0x000000001fb34000 JavaThread "jar transforms Thread 50" [_thread_blocked, id=6420, stack(0x0000000026e00000,0x0000000026f00000)]
  0x000000001fb2f000 JavaThread "jar transforms Thread 49" [_thread_blocked, id=12136, stack(0x0000000026d00000,0x0000000026e00000)]
  0x000000001fb27800 JavaThread "jar transforms Thread 48" [_thread_blocked, id=19836, stack(0x0000000026c00000,0x0000000026d00000)]
  0x000000001fb2e000 JavaThread "jar transforms Thread 47" [_thread_blocked, id=20488, stack(0x0000000026b00000,0x0000000026c00000)]
  0x000000001fb2d800 JavaThread "jar transforms Thread 46" [_thread_blocked, id=13716, stack(0x0000000026a00000,0x0000000026b00000)]
  0x000000001fb2c800 JavaThread "jar transforms Thread 45" [_thread_blocked, id=6876, stack(0x0000000026900000,0x0000000026a00000)]
  0x000000001fb2b000 JavaThread "jar transforms Thread 44" [_thread_blocked, id=20352, stack(0x0000000026800000,0x0000000026900000)]
  0x000000001fb2c000 JavaThread "jar transforms Thread 43" [_thread_blocked, id=15656, stack(0x0000000026700000,0x0000000026800000)]
  0x000000001fb29000 JavaThread "jar transforms Thread 42" [_thread_blocked, id=20236, stack(0x0000000026600000,0x0000000026700000)]
  0x000000001fb26000 JavaThread "jar transforms Thread 41" [_thread_blocked, id=10300, stack(0x0000000023b40000,0x0000000023c40000)]
  0x000000001fb28000 JavaThread "jar transforms Thread 40" [_thread_blocked, id=19176, stack(0x0000000023a40000,0x0000000023b40000)]
  0x000000001fb25000 JavaThread "jar transforms Thread 39" [_thread_blocked, id=10620, stack(0x0000000023940000,0x0000000023a40000)]
  0x000000001fb2a800 JavaThread "jar transforms Thread 38" [_thread_blocked, id=13380, stack(0x0000000026500000,0x0000000026600000)]
  0x000000001fb26800 JavaThread "jar transforms Thread 37" [_thread_blocked, id=3276, stack(0x0000000026400000,0x0000000026500000)]
  0x000000001fb29800 JavaThread "jar transforms Thread 36" [_thread_blocked, id=3048, stack(0x0000000026300000,0x0000000026400000)]
  0x0000000019f0a000 JavaThread "jar transforms Thread 35" [_thread_blocked, id=16480, stack(0x0000000026200000,0x0000000026300000)]
  0x0000000019f08000 JavaThread "jar transforms Thread 34" [_thread_blocked, id=19492, stack(0x0000000026100000,0x0000000026200000)]
  0x0000000019f06800 JavaThread "jar transforms Thread 33" [_thread_blocked, id=2548, stack(0x0000000026000000,0x0000000026100000)]
  0x0000000019f05000 JavaThread "jar transforms Thread 32" [_thread_blocked, id=20708, stack(0x0000000025f00000,0x0000000026000000)]
  0x0000000019f07800 JavaThread "jar transforms Thread 31" [_thread_blocked, id=12600, stack(0x0000000025e00000,0x0000000025f00000)]
  0x0000000019f09000 JavaThread "jar transforms Thread 30" [_thread_blocked, id=19044, stack(0x0000000025d00000,0x0000000025e00000)]
  0x0000000019f06000 JavaThread "jar transforms Thread 29" [_thread_blocked, id=5352, stack(0x0000000025c00000,0x0000000025d00000)]
  0x0000000019f0a800 JavaThread "jar transforms Thread 28" [_thread_blocked, id=15640, stack(0x0000000025b00000,0x0000000025c00000)]
  0x0000000019f0b800 JavaThread "jar transforms Thread 27" [_thread_blocked, id=18008, stack(0x0000000025a00000,0x0000000025b00000)]
  0x0000000019f0c000 JavaThread "jar transforms Thread 26" [_thread_blocked, id=1408, stack(0x0000000025900000,0x0000000025a00000)]
  0x0000000019efd800 JavaThread "jar transforms Thread 25" [_thread_blocked, id=6508, stack(0x0000000025800000,0x0000000025900000)]
  0x0000000019f01800 JavaThread "jar transforms Thread 24" [_thread_blocked, id=20748, stack(0x0000000025700000,0x0000000025800000)]
  0x0000000019eff000 JavaThread "jar transforms Thread 23" [_thread_blocked, id=6468, stack(0x0000000025600000,0x0000000025700000)]
  0x0000000019f02000 JavaThread "jar transforms Thread 22" [_thread_blocked, id=18144, stack(0x0000000025500000,0x0000000025600000)]
  0x0000000019f00000 JavaThread "jar transforms Thread 21" [_thread_blocked, id=4236, stack(0x0000000025400000,0x0000000025500000)]
  0x0000000019f04800 JavaThread "jar transforms Thread 20" [_thread_blocked, id=19300, stack(0x0000000025300000,0x0000000025400000)]
  0x0000000019f03800 JavaThread "jar transforms Thread 19" [_thread_blocked, id=20328, stack(0x0000000025200000,0x0000000025300000)]
  0x0000000019efe800 JavaThread "jar transforms Thread 18" [_thread_blocked, id=18820, stack(0x0000000025100000,0x0000000025200000)]
  0x0000000019f00800 JavaThread "jar transforms Thread 17" [_thread_blocked, id=19464, stack(0x0000000025000000,0x0000000025100000)]
  0x0000000019efd000 JavaThread "jar transforms Thread 16" [_thread_blocked, id=18936, stack(0x0000000024f00000,0x0000000025000000)]
  0x0000000019f03000 JavaThread "jar transforms Thread 15" [_thread_blocked, id=20240, stack(0x0000000024e00000,0x0000000024f00000)]
  0x000000001c2d4000 JavaThread "jar transforms Thread 14" [_thread_blocked, id=7952, stack(0x0000000024d00000,0x0000000024e00000)]
  0x000000001c2d1800 JavaThread "jar transforms Thread 13" [_thread_blocked, id=18844, stack(0x0000000024c00000,0x0000000024d00000)]
  0x000000001c2d1000 JavaThread "jar transforms Thread 12" [_thread_blocked, id=4156, stack(0x0000000024b00000,0x0000000024c00000)]
  0x000000001c2d0000 JavaThread "jar transforms Thread 11" [_thread_blocked, id=19160, stack(0x0000000024a00000,0x0000000024b00000)]
  0x000000001c2d3000 JavaThread "jar transforms Thread 10" [_thread_blocked, id=16476, stack(0x0000000024900000,0x0000000024a00000)]
  0x000000001c2ce800 JavaThread "jar transforms Thread 9" [_thread_blocked, id=13960, stack(0x0000000024800000,0x0000000024900000)]
  0x000000001c2d2800 JavaThread "jar transforms Thread 8" [_thread_blocked, id=8420, stack(0x0000000024700000,0x0000000024800000)]
  0x000000001c2c9800 JavaThread "jar transforms Thread 7" [_thread_blocked, id=17292, stack(0x0000000024600000,0x0000000024700000)]
  0x000000001c2ce000 JavaThread "jar transforms Thread 6" [_thread_blocked, id=20492, stack(0x0000000024500000,0x0000000024600000)]
  0x000000001c2cd000 JavaThread "jar transforms Thread 5" [_thread_blocked, id=5192, stack(0x0000000024400000,0x0000000024500000)]
  0x000000001c2cf800 JavaThread "jar transforms Thread 4" [_thread_blocked, id=5128, stack(0x0000000024300000,0x0000000024400000)]
  0x000000001c2c5800 JavaThread "jar transforms Thread 3" [_thread_blocked, id=2168, stack(0x0000000024200000,0x0000000024300000)]
  0x000000001c2cc800 JavaThread "jar transforms Thread 2" [_thread_blocked, id=10916, stack(0x0000000024100000,0x0000000024200000)]
  0x000000001c2c5000 JavaThread "Build operations Thread 4" [_thread_blocked, id=6444, stack(0x0000000024000000,0x0000000024100000)]
  0x000000001c2cb800 JavaThread "Build operations Thread 3" [_thread_blocked, id=20028, stack(0x0000000023f00000,0x0000000024000000)]
  0x000000001c2c7000 JavaThread "Build operations Thread 2" [_thread_blocked, id=20224, stack(0x0000000023e00000,0x0000000023f00000)]
  0x000000001c2c6800 JavaThread "Build operations" [_thread_blocked, id=8800, stack(0x0000000023d00000,0x0000000023e00000)]
  0x000000001bccf800 JavaThread "Cache worker for file content cache (C:\Users\tause\.gradle\caches\6.5\fileContent)" [_thread_blocked, id=19760, stack(0x0000000022270000,0x0000000022370000)]
  0x000000001bcce800 JavaThread "jar transforms" [_thread_blocked, id=20344, stack(0x0000000020a50000,0x0000000020b50000)]
  0x000000001bcd0000 JavaThread "Cache worker for execution history cache (C:\Users\tause\.gradle\caches\6.5\executionHistory)" [_thread_blocked, id=21116, stack(0x0000000020950000,0x0000000020a50000)]
  0x000000001bcce000 JavaThread "Cache worker for cache directory md-rule (C:\Users\tause\.gradle\caches\6.5\md-rule)" [_thread_blocked, id=21236, stack(0x0000000020850000,0x0000000020950000)]
  0x000000001bcd1800 JavaThread "Cache worker for cache directory md-supplier (C:\Users\tause\.gradle\caches\6.5\md-supplier)" [_thread_blocked, id=16328, stack(0x0000000020750000,0x0000000020850000)]
  0x000000001bcd2800 JavaThread "Cache worker for checksums cache (F:\Professional Softwares\Android\Enzipe\Image to text\.gradle\checksums)" [_thread_blocked, id=12044, stack(0x0000000020650000,0x0000000020750000)]
  0x000000001bccd000 JavaThread "Cache worker for file hash cache (F:\Professional Softwares\Android\Enzipe\Image to text\.gradle\6.5\fileHashes)" [_thread_blocked, id=14560, stack(0x0000000020ba0000,0x0000000020ca0000)]
  0x000000001bcd4000 JavaThread "Cache worker for file hash cache (C:\Users\tause\.gradle\caches\6.5\fileHashes)" [_thread_blocked, id=19440, stack(0x000000001dfb0000,0x000000001e0b0000)]
  0x000000001bcd3000 JavaThread "File lock request listener" [_thread_in_native, id=21064, stack(0x000000001deb0000,0x000000001dfb0000)]
  0x000000001bb9c000 JavaThread "Cache worker for journal cache (C:\Users\tause\.gradle\caches\journal-1)" [_thread_blocked, id=2704, stack(0x000000001dcb0000,0x000000001ddb0000)]
  0x000000001bb15800 JavaThread "Thread-9" [_thread_blocked, id=21008, stack(0x000000001d9b0000,0x000000001dab0000)]
  0x000000001bb4b000 JavaThread "Stdin handler" [_thread_blocked, id=9040, stack(0x000000001d8b0000,0x000000001d9b0000)]
  0x000000001bac7800 JavaThread "Asynchronous log dispatcher for DefaultDaemonConnection: socket connection from /127.0.0.1:54546 to /127.0.0.1:54547" [_thread_blocked, id=18360, stack(0x000000001d7b0000,0x000000001d8b0000)]
  0x000000001ba74000 JavaThread "Daemon worker" [_thread_in_vm, id=20512, stack(0x000000001d6b0000,0x000000001d7b0000)]
  0x000000001bb28800 JavaThread "Cancel handler" [_thread_blocked, id=7068, stack(0x000000001d5b0000,0x000000001d6b0000)]
  0x000000001b9e6000 JavaThread "Handler for socket connection from /127.0.0.1:54546 to /127.0.0.1:54547" [_thread_in_native, id=14604, stack(0x000000001d4b0000,0x000000001d5b0000)]
  0x000000001b9e0800 JavaThread "Daemon" [_thread_blocked, id=18560, stack(0x000000001d3b0000,0x000000001d4b0000)]
  0x000000001bb19800 JavaThread "Daemon periodic checks" [_thread_blocked, id=3052, stack(0x000000001d0b0000,0x000000001d1b0000)]
  0x000000001b9ac000 JavaThread "Incoming local TCP Connector on port 54546" [_thread_in_native, id=17092, stack(0x000000001ce70000,0x000000001cf70000)]
  0x000000001b9a5800 JavaThread "Daemon health stats" [_thread_blocked, id=20008, stack(0x000000001c830000,0x000000001c930000)]
  0x0000000017f9c800 JavaThread "Service Thread" daemon [_thread_blocked, id=4636, stack(0x0000000019c90000,0x0000000019d90000)]
  0x0000000017f53800 JavaThread "C1 CompilerThread2" daemon [_thread_blocked, id=10796, stack(0x0000000019790000,0x0000000019890000)]
=>0x0000000017f4b800 JavaThread "C2 CompilerThread1" daemon [_thread_in_native, id=19780, stack(0x0000000019690000,0x0000000019790000)]
  0x0000000017f48800 JavaThread "C2 CompilerThread0" daemon [_thread_in_native, id=4168, stack(0x0000000019590000,0x0000000019690000)]
  0x0000000017f46800 JavaThread "Attach Listener" daemon [_thread_blocked, id=13264, stack(0x0000000019490000,0x0000000019590000)]
  0x0000000017f42000 JavaThread "Signal Dispatcher" daemon [_thread_blocked, id=6796, stack(0x0000000019390000,0x0000000019490000)]
  0x000000000331c800 JavaThread "Finalizer" daemon [_thread_blocked, id=18500, stack(0x0000000019190000,0x0000000019290000)]
  0x0000000017f29000 JavaThread "Reference Handler" daemon [_thread_blocked, id=1156, stack(0x0000000019090000,0x0000000019190000)]
  0x000000000194e000 JavaThread "main" [_thread_blocked, id=21000, stack(0x0000000003120000,0x0000000003220000)]

Other Threads:
  0x0000000017f06800 VMThread [stack: 0x0000000018f90000,0x0000000019090000] [id=15496]
  0x0000000017f9d000 WatcherThread [stack: 0x0000000019d90000,0x0000000019e90000] [id=20232]

VM state:not at safepoint (normal execution)

VM Mutex/Monitor currently owned by a thread: None

heap address: 0x0000000080000000, size: 2048 MB, Compressed Oops mode: 32-bit
Narrow klass base: 0x0000000000000000, Narrow klass shift: 3
Compressed class space size: 1073741824 Address: 0x0000000100000000

Heap:
 PSYoungGen      total 239104K, used 219261K [0x00000000d5580000, 0x00000000e5580000, 0x0000000100000000)
  eden space 223232K, 98% used [0x00000000d5580000,0x00000000e2b9f760,0x00000000e2f80000)
  from space 15872K, 0% used [0x00000000e3e80000,0x00000000e3e80000,0x00000000e4e00000)
  to   space 15360K, 0% used [0x00000000e2f80000,0x00000000e2f80000,0x00000000e3e80000)
 ParOldGen       total 93184K, used 14524K [0x0000000080000000, 0x0000000085b00000, 0x00000000d5580000)
  object space 93184K, 15% used [0x0000000080000000,0x0000000080e2f3b8,0x0000000085b00000)
 Metaspace       used 45884K, capacity 47642K, committed 47784K, reserved 1091584K
  class space    used 6195K, capacity 6541K, committed 6576K, reserved 1048576K

Card table byte_map: [0x00000000126e0000,0x0000000012af0000] byte_map_base: 0x00000000122e0000

Marking Bits: (ParMarkBitMap*) 0x000000005c0bf030
 Begin Bits: [0x00000000131a0000, 0x00000000151a0000)
 End Bits:   [0x00000000151a0000, 0x00000000171a0000)

Polling page: 0x0000000001440000

CodeCache: size=245760Kb used=13466Kb max_used=13466Kb free=232293Kb
 bounds [0x0000000003320000, 0x0000000004050000, 0x0000000012320000]
 total_blobs=4732 nmethods=3991 adapters=654
 compilation: enabled

Compilation events (10 events):
Event: 12.090 Thread 0x0000000017f53800 4197       2       java.math.BigInteger::implSquareToLenChecks (198 bytes)
Event: 12.091 Thread 0x0000000017f53800 nmethod 4197 0x0000000004030550 code [0x0000000004030860, 0x0000000004031778]
Event: 12.138 Thread 0x0000000017f53800 4198       2       java.util.jar.JarFile::getJarEntry (9 bytes)
Event: 12.138 Thread 0x0000000017f53800 nmethod 4198 0x0000000004032250 code [0x00000000040323c0, 0x0000000004032568]
Event: 12.138 Thread 0x0000000017f53800 4199       2       java.util.jar.JarFile::getEntry (22 bytes)
Event: 12.138 Thread 0x0000000017f53800 nmethod 4199 0x0000000004032610 code [0x0000000004032780, 0x00000000040329b8]
Event: 12.144 Thread 0x0000000017f53800 4200       2       org.gradle.internal.service.DefaultServiceRegistry::get (44 bytes)
Event: 12.145 Thread 0x0000000017f53800 nmethod 4200 0x0000000004032ad0 code [0x0000000004032d00, 0x00000000040334a8]
Event: 12.146 Thread 0x0000000017f53800 4201       2       com.google.common.collect.Sets::newHashSet (8 bytes)
Event: 12.146 Thread 0x0000000017f53800 nmethod 4201 0x0000000004033bd0 code [0x0000000004033d20, 0x0000000004033f10]

GC Heap History (10 events):
Event: 5.334 GC heap before
{Heap before GC invocations=4 (full 0):
 PSYoungGen      total 76288K, used 21082K [0x00000000d5580000, 0x00000000dea80000, 0x0000000100000000)
  eden space 65536K, 15% used [0x00000000d5580000,0x00000000d5f9d400,0x00000000d9580000)
  from space 10752K, 99% used [0x00000000d9580000,0x00000000d9ff96e0,0x00000000da000000)
  to   space 10752K, 0% used [0x00000000de000000,0x00000000de000000,0x00000000dea80000)
 ParOldGen       total 175104K, used 753K [0x0000000080000000, 0x000000008ab00000, 0x00000000d5580000)
  object space 175104K, 0% used [0x0000000080000000,0x00000000800bc470,0x000000008ab00000)
 Metaspace       used 20575K, capacity 21212K, committed 21296K, reserved 1067008K
  class space    used 2873K, capacity 3076K, committed 3120K, reserved 1048576K
Event: 5.347 GC heap after
Heap after GC invocations=4 (full 0):
 PSYoungGen      total 141824K, used 7304K [0x00000000d5580000, 0x00000000dea80000, 0x0000000100000000)
  eden space 131072K, 0% used [0x00000000d5580000,0x00000000d5580000,0x00000000dd580000)
  from space 10752K, 67% used [0x00000000de000000,0x00000000de722040,0x00000000dea80000)
  to   space 10752K, 0% used [0x00000000dd580000,0x00000000dd580000,0x00000000de000000)
 ParOldGen       total 175104K, used 761K [0x0000000080000000, 0x000000008ab00000, 0x00000000d5580000)
  object space 175104K, 0% used [0x0000000080000000,0x00000000800be470,0x000000008ab00000)
 Metaspace       used 20575K, capacity 21212K, committed 21296K, reserved 1067008K
  class space    used 2873K, capacity 3076K, committed 3120K, reserved 1048576K
}
Event: 5.347 GC heap before
{Heap before GC invocations=5 (full 1):
 PSYoungGen      total 141824K, used 7304K [0x00000000d5580000, 0x00000000dea80000, 0x0000000100000000)
  eden space 131072K, 0% used [0x00000000d5580000,0x00000000d5580000,0x00000000dd580000)
  from space 10752K, 67% used [0x00000000de000000,0x00000000de722040,0x00000000dea80000)
  to   space 10752K, 0% used [0x00000000dd580000,0x00000000dd580000,0x00000000de000000)
 ParOldGen       total 175104K, used 761K [0x0000000080000000, 0x000000008ab00000, 0x00000000d5580000)
  object space 175104K, 0% used [0x0000000080000000,0x00000000800be470,0x000000008ab00000)
 Metaspace       used 20575K, capacity 21212K, committed 21296K, reserved 1067008K
  class space    used 2873K, capacity 3076K, committed 3120K, reserved 1048576K
Event: 5.407 GC heap after
Heap after GC invocations=5 (full 1):
 PSYoungGen      total 141824K, used 0K [0x00000000d5580000, 0x00000000dea80000, 0x0000000100000000)
  eden space 131072K, 0% used [0x00000000d5580000,0x00000000d5580000,0x00000000dd580000)
  from space 10752K, 0% used [0x00000000de000000,0x00000000de000000,0x00000000dea80000)
  to   space 10752K, 0% used [0x00000000dd580000,0x00000000dd580000,0x00000000de000000)
 ParOldGen       total 93184K, used 7188K [0x0000000080000000, 0x0000000085b00000, 0x00000000d5580000)
  object space 93184K, 7% used [0x0000000080000000,0x0000000080705130,0x0000000085b00000)
 Metaspace       used 20575K, capacity 21212K, committed 21296K, reserved 1067008K
  class space    used 2873K, capacity 3076K, committed 3120K, reserved 1048576K
}
Event: 7.547 GC heap before
{Heap before GC invocations=6 (full 1):
 PSYoungGen      total 141824K, used 131072K [0x00000000d5580000, 0x00000000dea80000, 0x0000000100000000)
  eden space 131072K, 100% used [0x00000000d5580000,0x00000000dd580000,0x00000000dd580000)
  from space 10752K, 0% used [0x00000000de000000,0x00000000de000000,0x00000000dea80000)
  to   space 10752K, 0% used [0x00000000dd580000,0x00000000dd580000,0x00000000de000000)
 ParOldGen       total 93184K, used 7188K [0x0000000080000000, 0x0000000085b00000, 0x00000000d5580000)
  object space 93184K, 7% used [0x0000000080000000,0x0000000080705130,0x0000000085b00000)
 Metaspace       used 32815K, capacity 33854K, committed 33968K, reserved 1079296K
  class space    used 4484K, capacity 4751K, committed 4784K, reserved 1048576K
Event: 7.597 GC heap after
Heap after GC invocations=6 (full 1):
 PSYoungGen      total 141824K, used 10736K [0x00000000d5580000, 0x00000000e4e00000, 0x0000000100000000)
  eden space 131072K, 0% used [0x00000000d5580000,0x00000000d5580000,0x00000000dd580000)
  from space 10752K, 99% used [0x00000000dd580000,0x00000000ddffc290,0x00000000de000000)
  to   space 15872K, 0% used [0x00000000e3e80000,0x00000000e3e80000,0x00000000e4e00000)
 ParOldGen       total 93184K, used 10657K [0x0000000080000000, 0x0000000085b00000, 0x00000000d5580000)
  object space 93184K, 11% used [0x0000000080000000,0x0000000080a685f8,0x0000000085b00000)
 Metaspace       used 32815K, capacity 33854K, committed 33968K, reserved 1079296K
  class space    used 4484K, capacity 4751K, committed 4784K, reserved 1048576K
}
Event: 8.024 GC heap before
{Heap before GC invocations=7 (full 1):
 PSYoungGen      total 141824K, used 38788K [0x00000000d5580000, 0x00000000e4e00000, 0x0000000100000000)
  eden space 131072K, 21% used [0x00000000d5580000,0x00000000d70e4de8,0x00000000dd580000)
  from space 10752K, 99% used [0x00000000dd580000,0x00000000ddffc290,0x00000000de000000)
  to   space 15872K, 0% used [0x00000000e3e80000,0x00000000e3e80000,0x00000000e4e00000)
 ParOldGen       total 93184K, used 10657K [0x0000000080000000, 0x0000000085b00000, 0x00000000d5580000)
  object space 93184K, 11% used [0x0000000080000000,0x0000000080a685f8,0x0000000085b00000)
 Metaspace       used 34245K, capacity 35406K, committed 35496K, reserved 1079296K
  class space    used 4713K, capacity 5002K, committed 5040K, reserved 1048576K
Event: 8.055 GC heap after
Heap after GC invocations=7 (full 1):
 PSYoungGen      total 239104K, used 8030K [0x00000000d5580000, 0x00000000e5580000, 0x0000000100000000)
  eden space 223232K, 0% used [0x00000000d5580000,0x00000000d5580000,0x00000000e2f80000)
  from space 15872K, 50% used [0x00000000e3e80000,0x00000000e4657a38,0x00000000e4e00000)
  to   space 15360K, 0% used [0x00000000e2f80000,0x00000000e2f80000,0x00000000e3e80000)
 ParOldGen       total 93184K, used 10665K [0x0000000080000000, 0x0000000085b00000, 0x00000000d5580000)
  object space 93184K, 11% used [0x0000000080000000,0x0000000080a6a5f8,0x0000000085b00000)
 Metaspace       used 34245K, capacity 35406K, committed 35496K, reserved 1079296K
  class space    used 4713K, capacity 5002K, committed 5040K, reserved 1048576K
}
Event: 8.056 GC heap before
{Heap before GC invocations=8 (full 2):
 PSYoungGen      total 239104K, used 8030K [0x00000000d5580000, 0x00000000e5580000, 0x0000000100000000)
  eden space 223232K, 0% used [0x00000000d5580000,0x00000000d5580000,0x00000000e2f80000)
  from space 15872K, 50% used [0x00000000e3e80000,0x00000000e4657a38,0x00000000e4e00000)
  to   space 15360K, 0% used [0x00000000e2f80000,0x00000000e2f80000,0x00000000e3e80000)
 ParOldGen       total 93184K, used 10665K [0x0000000080000000, 0x0000000085b00000, 0x00000000d5580000)
  object space 93184K, 11% used [0x0000000080000000,0x0000000080a6a5f8,0x0000000085b00000)
 Metaspace       used 34245K, capacity 35406K, committed 35496K, reserved 1079296K
  class space    used 4713K, capacity 5002K, committed 5040K, reserved 1048576K
Event: 8.193 GC heap after
Heap after GC invocations=8 (full 2):
 PSYoungGen      total 239104K, used 0K [0x00000000d5580000, 0x00000000e5580000, 0x0000000100000000)
  eden space 223232K, 0% used [0x00000000d5580000,0x00000000d5580000,0x00000000e2f80000)
  from space 15872K, 0% used [0x00000000e3e80000,0x00000000e3e80000,0x00000000e4e00000)
  to   space 15360K, 0% used [0x00000000e2f80000,0x00000000e2f80000,0x00000000e3e80000)
 ParOldGen       total 93184K, used 14524K [0x0000000080000000, 0x0000000085b00000, 0x00000000d5580000)
  object space 93184K, 15% used [0x0000000080000000,0x0000000080e2f3b8,0x0000000085b00000)
 Metaspace       used 34245K, capacity 35406K, committed 35496K, reserved 1079296K
  class space    used 4713K, capacity 5002K, committed 5040K, reserved 1048576K
}

Deoptimization events (10 events):
Event: 11.986 Thread 0x000000001ba74000 Uncommon trap: reason=unstable_if action=reinterpret pc=0x0000000003e81f6c method=java.util.jar.JarFile.maybeInstantiateVerifier()V @ 4
Event: 11.989 Thread 0x000000001ba74000 Uncommon trap: reason=predicate action=maybe_recompile pc=0x0000000003637174 method=sun.misc.Resource.getBytes()[B @ 53
Event: 11.989 Thread 0x000000001ba74000 Uncommon trap: reason=unstable_if action=reinterpret pc=0x0000000003e86514 method=java.util.jar.JarFile.maybeInstantiateVerifier()V @ 4
Event: 11.989 Thread 0x000000001ba74000 Uncommon trap: reason=unstable_if action=reinterpret pc=0x0000000003e125f0 method=java.security.CodeSource.<init>(Ljava/net/URL;[Ljava/security/CodeSigner;)V @ 25
Event: 11.991 Thread 0x000000001ba74000 Uncommon trap: reason=unstable_if action=reinterpret pc=0x000000000394f82c method=java.security.CodeSource.getCertificates()[Ljava/security/cert/Certificate; @ 22
Event: 11.991 Thread 0x000000001ba74000 Uncommon trap: reason=unstable_if action=reinterpret pc=0x000000000386f0b0 method=java.util.jar.JarFile.maybeInstantiateVerifier()V @ 4
Event: 11.992 Thread 0x000000001ba74000 Uncommon trap: reason=unstable_if action=reinterpret pc=0x0000000003dfd45c method=java.security.CodeSource.matchCerts(Ljava/security/CodeSource;Z)Z @ 11
Event: 11.993 Thread 0x000000001ba74000 Uncommon trap: reason=unstable_if action=reinterpret pc=0x000000000355cf68 method=java.security.CodeSource.getCertificates()[Ljava/security/cert/Certificate; @ 4
Event: 11.993 Thread 0x000000001ba74000 Uncommon trap: reason=unstable_if action=reinterpret pc=0x000000000355cf68 method=java.security.CodeSource.getCertificates()[Ljava/security/cert/Certificate; @ 4
Event: 12.067 Thread 0x000000001ba74000 Uncommon trap: reason=unstable_if action=reinterpret pc=0x0000000003d7c034 method=java.util.LinkedHashMap.get(Ljava/lang/Object;)Ljava/lang/Object; @ 20

Classes redefined (0 events):
No events

Internal exceptions (10 events):
Event: 9.802 Thread 0x000000001bb15800 Exception <a 'java/lang/NoSuchMethodError': <clinit>> (0x00000000d562a9c8) thrown at [C:\src\AOSP-openjdk-git\hotspot\src\share\vm\prims\jni.cpp, line 1615]
Event: 9.803 Thread 0x000000001bb15800 Exception <a 'java/lang/NoSuchMethodError': <clinit>> (0x00000000d5635a38) thrown at [C:\src\AOSP-openjdk-git\hotspot\src\share\vm\prims\jni.cpp, line 1615]
Event: 9.816 Thread 0x000000001bb15800 Exception <a 'java/lang/NoSuchMethodError': <clinit>> (0x00000000d5648e08) thrown at [C:\src\AOSP-openjdk-git\hotspot\src\share\vm\prims\jni.cpp, line 1615]
Event: 9.869 Thread 0x000000001ba74000 Exception <a 'java/lang/ClassNotFoundException': build_dovuo9n9o766418wr0nj3jc39BeanInfo> (0x00000000dd809348) thrown at [C:\src\AOSP-openjdk-git\hotspot\src\share\vm\classfile\systemDictionary.cpp, line 210]
Event: 9.870 Thread 0x000000001ba74000 Exception <a 'java/lang/ClassNotFoundException': build_dovuo9n9o766418wr0nj3jc39Customizer> (0x00000000dd814f88) thrown at [C:\src\AOSP-openjdk-git\hotspot\src\share\vm\classfile\systemDictionary.cpp, line 210]
Event: 9.939 Thread 0x000000001ba74000 Exception <a 'java/lang/ClassNotFoundException': org/gradle/plugin/use/internal/PluginRequestCollector$PluginDependenciesSpecImplBeanInfo> (0x00000000dd8b4c78) thrown at [C:\src\AOSP-openjdk-git\hotspot\src\share\vm\classfile\systemDictionary.cpp, line 21
Event: 9.941 Thread 0x000000001ba74000 Exception <a 'java/lang/ClassNotFoundException': org/gradle/plugin/use/internal/PluginRequestCollector$PluginDependenciesSpecImplCustomizer> (0x00000000dd8f4bb8) thrown at [C:\src\AOSP-openjdk-git\hotspot\src\share\vm\classfile\systemDictionary.cpp, line 
Event: 10.053 Thread 0x000000001ba74000 Exception <a 'java/lang/ClassNotFoundException': org/gradle/api/internal/plugins/DefaultObjectConfigurationActionBeanInfo> (0x00000000ddc4d4a8) thrown at [C:\src\AOSP-openjdk-git\hotspot\src\share\vm\classfile\systemDictionary.cpp, line 210]
Event: 10.055 Thread 0x000000001ba74000 Exception <a 'java/lang/ClassNotFoundException': org/gradle/api/internal/plugins/DefaultObjectConfigurationActionCustomizer> (0x00000000ddc91c28) thrown at [C:\src\AOSP-openjdk-git\hotspot\src\share\vm\classfile\systemDictionary.cpp, line 210]
Event: 11.861 Thread 0x000000001ba74000 Implicit null exception at 0x0000000003fa93e8 to 0x0000000003fa9929

Events (10 events):
Event: 12.156 loading class com/android/builder/model/VectorDrawablesOptions
Event: 12.156 loading class com/android/builder/model/VectorDrawablesOptions done
Event: 12.157 loading class com/android/build/gradle/internal/dsl/VectorDrawablesOptions
Event: 12.157 loading class com/android/build/gradle/internal/dsl/VectorDrawablesOptions done
Event: 12.157 loading class com/android/build/api/dsl/VectorDrawables
Event: 12.157 loading class com/android/build/api/dsl/VectorDrawables done
Event: 12.158 loading class com/android/builder/core/DefaultVectorDrawablesOptions
Event: 12.158 loading class com/android/builder/core/DefaultVectorDrawablesOptions done
Event: 12.159 loading class com/android/build/api/dsl/Shaders
Event: 12.159 loading class com/android/build/api/dsl/Shaders done


Dynamic libraries:
0x00007ff617c50000 - 0x00007ff617c81000 	C:\Program Files\Android\Android Studio\jre\bin\java.exe
0x00007ffe22990000 - 0x00007ffe22b86000 	C:\Windows\SYSTEM32\ntdll.dll
0x00007ffe209f0000 - 0x00007ffe20aad000 	C:\Windows\System32\KERNEL32.DLL
0x00007ffe206c0000 - 0x00007ffe20989000 	C:\Windows\System32\KERNELBASE.dll
0x00007ffe214b0000 - 0x00007ffe2155c000 	C:\Windows\System32\ADVAPI32.dll
0x00007ffe228b0000 - 0x00007ffe2294e000 	C:\Windows\System32\msvcrt.dll
0x00007ffe20ab0000 - 0x00007ffe20b4c000 	C:\Windows\System32\sechost.dll
0x00007ffe20c60000 - 0x00007ffe20d8b000 	C:\Windows\System32\RPCRT4.dll
0x00007ffe21310000 - 0x00007ffe214b0000 	C:\Windows\System32\USER32.dll
0x00007ffe20330000 - 0x00007ffe20352000 	C:\Windows\System32\win32u.dll
0x00007ffe20d90000 - 0x00007ffe20dba000 	C:\Windows\System32\GDI32.dll
0x00007ffe20450000 - 0x00007ffe20559000 	C:\Windows\System32\gdi32full.dll
0x00007ffe203b0000 - 0x00007ffe2044d000 	C:\Windows\System32\msvcp_win.dll
0x00007ffe20180000 - 0x00007ffe20280000 	C:\Windows\System32\ucrtbase.dll
0x00007ffe0cce0000 - 0x00007ffe0cf7b000 	C:\Windows\WinSxS\amd64_microsoft.windows.common-controls_6595b64144ccf1df_6.0.19041.488_none_ca04af081b815d21\COMCTL32.dll
0x00007ffe20e20000 - 0x00007ffe20e50000 	C:\Windows\System32\IMM32.DLL
0x000000005ae80000 - 0x000000005af52000 	C:\Program Files\Android\Android Studio\jre\jre\bin\msvcr100.dll
0x000000005b8f0000 - 0x000000005c13b000 	C:\Program Files\Android\Android Studio\jre\jre\bin\server\jvm.dll
0x00007ffe22300000 - 0x00007ffe22308000 	C:\Windows\System32\PSAPI.DLL
0x00007ffe06350000 - 0x00007ffe06359000 	C:\Windows\SYSTEM32\WSOCK32.dll
0x00007ffe08e70000 - 0x00007ffe08e97000 	C:\Windows\SYSTEM32\WINMM.dll
0x00007ffe21580000 - 0x00007ffe215eb000 	C:\Windows\System32\WS2_32.dll
0x00007ffe144d0000 - 0x00007ffe144da000 	C:\Windows\SYSTEM32\VERSION.dll
0x00007ffe1cf10000 - 0x00007ffe1cf1f000 	C:\Program Files\Android\Android Studio\jre\jre\bin\verify.dll
0x00007ffe15160000 - 0x00007ffe15189000 	C:\Program Files\Android\Android Studio\jre\jre\bin\java.dll
0x00007ffe15040000 - 0x00007ffe15056000 	C:\Program Files\Android\Android Studio\jre\jre\bin\zip.dll
0x00007ffe21b00000 - 0x00007ffe22242000 	C:\Windows\System32\SHELL32.dll
0x00007ffe1e200000 - 0x00007ffe1e995000 	C:\Windows\SYSTEM32\windows.storage.dll
0x00007ffe215f0000 - 0x00007ffe21946000 	C:\Windows\System32\combase.dll
0x00007ffe1fa70000 - 0x00007ffe1fa9c000 	C:\Windows\SYSTEM32\Wldp.dll
0x00007ffe20bb0000 - 0x00007ffe20c5e000 	C:\Windows\System32\SHCORE.dll
0x00007ffe223e0000 - 0x00007ffe22435000 	C:\Windows\System32\shlwapi.dll
0x00007ffe20000000 - 0x00007ffe20026000 	C:\Windows\SYSTEM32\profapi.dll
0x00007ffe14fe0000 - 0x00007ffe14ffa000 	C:\Program Files\Android\Android Studio\jre\jre\bin\net.dll
0x00007ffe1f7f0000 - 0x00007ffe1f85a000 	C:\Windows\system32\mswsock.dll
0x00007ffe11a40000 - 0x00007ffe11a53000 	C:\Program Files\Android\Android Studio\jre\jre\bin\nio.dll
0x00007ffdf7b10000 - 0x00007ffdf7b37000 	C:\Users\tause\.gradle\native\f6784746aeab05261644944871eae4fe03e0ef1612fff0a4a95f87b438bc6780\windows-amd64\native-platform.dll
0x00007ffe1b1f0000 - 0x00007ffe1b1fd000 	C:\Program Files\Android\Android Studio\jre\jre\bin\management.dll
0x00007ffe1f9d0000 - 0x00007ffe1f9e8000 	C:\Windows\SYSTEM32\CRYPTSP.dll
0x00007ffe1f180000 - 0x00007ffe1f1b4000 	C:\Windows\system32\rsaenh.dll
0x00007ffe20300000 - 0x00007ffe20327000 	C:\Windows\System32\bcrypt.dll
0x00007ffe1ffc0000 - 0x00007ffe1ffee000 	C:\Windows\SYSTEM32\USERENV.dll
0x00007ffe20280000 - 0x00007ffe20300000 	C:\Windows\System32\bcryptprimitives.dll
0x00007ffe1f9c0000 - 0x00007ffe1f9cc000 	C:\Windows\SYSTEM32\CRYPTBASE.dll
0x00007ffe1f4e0000 - 0x00007ffe1f51b000 	C:\Windows\SYSTEM32\IPHLPAPI.DLL
0x00007ffe210c0000 - 0x00007ffe210c8000 	C:\Windows\System32\NSI.dll
0x00007ffe12970000 - 0x00007ffe12987000 	C:\Windows\SYSTEM32\dhcpcsvc6.DLL
0x00007ffe12950000 - 0x00007ffe1296d000 	C:\Windows\SYSTEM32\dhcpcsvc.DLL
0x00007ffe1f520000 - 0x00007ffe1f5eb000 	C:\Windows\SYSTEM32\DNSAPI.dll
0x00007ffe131e0000 - 0x00007ffe131eb000 	C:\Windows\SYSTEM32\WINNSI.DLL

VM Arguments:
jvm_args: -Xmx2048m -Dfile.encoding=UTF-8 -Duser.country=US -Duser.language=en -Duser.variant 
java_command: org.gradle.launcher.daemon.bootstrap.GradleDaemon 6.5
java_class_path (initial): C:\Users\tause\.gradle\wrapper\dists\gradle-6.5-bin\6nifqtx7604sqp1q6g8wikw7p\gradle-6.5\lib\gradle-launcher-6.5.jar
Launcher Type: SUN_STANDARD

Environment Variables:
PATH=C:\Program Files (x86)\Common Files\Oracle\Java\javapath;C:\Windows\system32;C:\Windows;C:\Windows\System32\Wbem;C:\Windows\System32\WindowsPowerShell\v1.0\;C:\Windows\System32\OpenSSH\;C:\Program Files\Git\cmd;C:\Users\tause\.dnx\bin;C:\Program Files\Microsoft DNX\Dnvm\;C:\Program Files\Microsoft SQL Server\130\Tools\Binn\;C:\Program Files\Microsoft SQL Server\120\Tools\Binn\;C:\Program Files\Microsoft SQL Server\Client SDK\ODBC\110\Tools\Binn\;C:\Program Files (x86)\Microsoft SQL Server\120\Tools\Binn\;C:\Program Files\Microsoft SQL Server\120\DTS\Binn\;C:\Program Files (x86)\Microsoft SQL Server\120\Tools\Binn\ManagementStudio\;C:\Program Files (x86)\Microsoft SQL Server\120\DTS\Binn\;C:\Program Files (x86)\Intel\Intel(R) Management Engine Components\DAL;C:\Program Files\Intel\Intel(R) Management Engine Components\DAL;F:\AndroidSDK\flutter\bin;C:\Users\tause\AppData\Local\Microsoft\WindowsApps;C:\Program Files\Microsoft VS Code\bin;C:\Program Files\JetBrains\PyCharm Community Edition 2020.2.3\bin;;
USERNAME=tause
OS=Windows_NT
PROCESSOR_IDENTIFIER=Intel64 Family 6 Model 78 Stepping 3, GenuineIntel



---------------  S Y S T E M  ---------------

OS: Windows 10.0 , 64 bit Build 19041 (10.0.19041.662)

CPU:total 4 (initial active 4) (2 cores per cpu, 2 threads per core) family 6 model 78 stepping 3, cmov, cx8, fxsr, mmx, sse, sse2, sse3, ssse3, sse4.1, sse4.2, popcnt, avx, avx2, aes, clmul, erms, rtm, 3dnowpref, lzcnt, ht, tsc, tscinvbit, bmi1, bmi2, adx

Memory: 4k page, physical 16654948k(542120k free), swap 47839712k(5928k free)

vm_info: OpenJDK 64-Bit Server VM (25.242-b01) for windows-amd64 JRE (1.8.0_242-release-1644-b01), built by "builder" with MS VC++ 10.0 (VS2010)

time: Thu Dec 17 14:33:23 2020
timezone: Pakistan Standard Time
elapsed time: 12 seconds (0d 0h 0m 12s)

